#
# A fatal error has been detected by the Java Runtime Environment:
#
#  SIGSEGV (0xb) at pc=0x00007f10efe633d7, pid=3132, tid=3135
#
# JRE version: OpenJDK Runtime Environment (11.0.4+10) (build 11.0.4+10-b304.69)
# Java VM: OpenJDK 64-Bit Server VM (11.0.4+10-b304.69, mixed mode, tiered, compressed oops, g1 gc, linux-amd64)
# Problematic frame:
# C  [libc.so.6+0x18e3d7]
#
# Core dump will be written. Default location: Core dumps may be processed with "/usr/share/apport/apport %p %s %c %d %P" (or dumping to /home/james/MemoryFS/core.3132)
#
# If you would like to submit a bug report, please visit:
#   http://bugreport.java.com/bugreport/crash.jsp
# The crash happened outside the Java Virtual Machine in native code.
# See problematic frame for where to report the bug.
#

---------------  S U M M A R Y ------------

Command Line: -javaagent:/home/james/Downloads/idea-IU-192.6817.14/lib/idea_rt.jar=41229:/home/james/Downloads/idea-IU-192.6817.14/bin -Dfile.encoding=UTF-8 MemoryFS

Host: Intel(R) Core(TM) i7-6700HQ CPU @ 2.60GHz, 2 cores, 11G, Ubuntu 18.04.3 LTS
Time: Wed Oct  2 06:44:26 2019 NZDT elapsed time: 7 seconds (0d 0h 0m 7s)

---------------  T H R E A D  ---------------

Current thread (0x00007f10e8013800):  JavaThread "main" [_thread_in_native, id=3135, stack(0x00007f10f0a24000,0x00007f10f0b25000)]

Stack: [0x00007f10f0a24000,0x00007f10f0b25000],  sp=0x00007f10f0b22f38,  free space=1019k
Native frames: (J=compiled Java code, A=aot compiled Java code, j=interpreted, Vv=VM code, C=native code)
C  [libc.so.6+0x18e3d7]

Java frames: (J=compiled Java code, j=interpreted, Vv=VM code)
j  com.kenai.jffi.Foreign.invokeN4O1(JJJJJJLjava/lang/Object;III)J+0
j  com.kenai.jffi.Invoker.invokeN4(Lcom/kenai/jffi/CallContext;JJJJJILjava/lang/Object;Lcom/kenai/jffi/ObjectParameterStrategy;Lcom/kenai/jffi/ObjectParameterInfo;Ljava/lang/Object;Lcom/kenai/jffi/ObjectParameterStrategy;Lcom/kenai/jffi/ObjectParameterInfo;)J+100
j  com.github.lukethompsxn.edufuse.util.FUSELink$jnr$ffi$0.edufuse_register(I[Ljava/lang/String;Lcom/github/lukethompsxn/edufuse/struct/FuseOperations;I)I+189
j  com.github.lukethompsxn.edufuse.filesystem.AbstractFS.mount([Ljava/lang/String;Z)V+146
j  MemoryFS.main([Ljava/lang/String;)V+11
v  ~StubRoutines::call_stub

siginfo: si_signo: 11 (SIGSEGV), si_code: 1 (SEGV_MAPERR), si_addr: 0x0000000000000000

Register to memory mapping:

RAX=0x00007f10f0940000 points into unknown readable memory: 00 00 00 00 00 00 00 00
RBX=0x00007f10f0b23050 is pointing into the stack for thread: 0x00007f10e8013800
RCX=0x0 is NULL
RDX=0x00007f10f0940000 points into unknown readable memory: 00 00 00 00 00 00 00 00
RSP=0x00007f10f0b22f38 is pointing into the stack for thread: 0x00007f10e8013800
RBP=0x00007f10f0b22fbc is pointing into the stack for thread: 0x00007f10e8013800
RSI=0x000000000000002f is an unknown value
RDI=0x0 is NULL
R8 =0x00007f10b95bdd30: <offset 0x0000000000019d30> in /lib/x86_64-linux-gnu/libfuse.so.2 at 0x00007f10b95a4000
R9 =0x00007f10f0b2304c is pointing into the stack for thread: 0x00007f10e8013800
R10=0x0000000000000010 is an unknown value
R11=0x00007f10b95be4a0: fuse_main_real+0x0000000000000000 in /lib/x86_64-linux-gnu/libfuse.so.2 at 0x00007f10b95a4000
R12=0x00007f10f0b2304c is pointing into the stack for thread: 0x00007f10e8013800
R13=0x00007f10f0b22fc0 is pointing into the stack for thread: 0x00007f10e8013800
R14=0x0000000000000168 is an unknown value
R15=0x0 is NULL


Registers:
RAX=0x00007f10f0940000, RBX=0x00007f10f0b23050, RCX=0x0000000000000000, RDX=0x00007f10f0940000
RSP=0x00007f10f0b22f38, RBP=0x00007f10f0b22fbc, RSI=0x000000000000002f, RDI=0x0000000000000000
R8 =0x00007f10b95bdd30, R9 =0x00007f10f0b2304c, R10=0x0000000000000010, R11=0x00007f10b95be4a0
R12=0x00007f10f0b2304c, R13=0x00007f10f0b22fc0, R14=0x0000000000000168, R15=0x0000000000000000
RIP=0x00007f10efe633d7, EFLAGS=0x0000000000010283, CSGSFS=0x002b000000000033, ERR=0x0000000000000004
  TRAPNO=0x000000000000000e

Top of Stack: (sp=0x00007f10f0b22f38)
0x00007f10f0b22f38:   00007f10b95bdef4 0000000000000000
0x00007f10f0b22f48:   0000000000000000 0000000000000000
0x00007f10f0b22f58:   caceb7d47a1c9000 0000000000000000
0x00007f10f0b22f68:   00007f10f0b22fc0 00007f10f0b23150 

Instructions: (pc=0x00007f10efe633d7)
0x00007f10efe632d7:   85 c0 0f 85 cf 00 00 00 48 81 c7 80 00 00 00 48
0x00007f10efe632e7:   89 f9 83 e1 7f 48 83 e7 80 c5 fd 6f 2f c5 fd 6f
0x00007f10efe632f7:   77 20 c5 fd 6f 7f 40 c5 7d 6f 47 60 c5 fd 74 cd
0x00007f10efe63307:   c5 fd 74 d6 c5 fd 74 df c4 c1 7d 74 e0 c5 b5 74
0x00007f10efe63317:   ed c5 b5 74 f6 c5 b5 74 ff c4 41 35 74 c0 c5 d5
0x00007f10efe63327:   eb c9 c5 cd eb d2 c5 c5 eb db c5 bd eb e4 c5 ed
0x00007f10efe63337:   eb e9 c5 dd eb f3 c5 cd eb ed c5 fd d7 c5 85 c0
0x00007f10efe63347:   75 47 48 81 c7 80 00 00 00 eb 9e 0f 1f 40 00 66
0x00007f10efe63357:   2e 0f 1f 84 00 00 00 00 00 f3 0f bc c0 48 01 f8
0x00007f10efe63367:   c5 f8 77 c3 0f 1f 44 00 00 f3 0f bc c0 48 83 c0
0x00007f10efe63377:   20 48 01 f8 c5 f8 77 c3 90 f3 0f bc c0 48 83 c0
0x00007f10efe63387:   40 48 01 f8 c5 f8 77 c3 90 c5 fd d7 c1 85 c0 75
0x00007f10efe63397:   c8 c5 fd d7 c2 85 c0 75 d0 c5 fd d7 c3 85 c0 75
0x00007f10efe633a7:   d8 c5 fd d7 c4 85 c0 f3 0f bc c0 48 83 c0 60 48
0x00007f10efe633b7:   01 f8 c5 f8 77 c3 0f 1f 00 66 0f 6e e6 89 f9 c4
0x00007f10efe633c7:   e2 7d 78 e4 c5 fd ef c0 83 e1 3f 83 f9 20 77 59
0x00007f10efe633d7:   c5 fe 6f 0f c5 fd 74 d1 c5 dd 74 d9 c5 fd d7 ca
0x00007f10efe633e7:   c5 fd d7 c3 48 83 c7 20 85 c0 75 1d 85 c9 0f 85
0x00007f10efe633f7:   85 01 00 00 48 83 e7 e0 31 d2 eb 7d 0f 1f 00 66
0x00007f10efe63407:   2e 0f 1f 84 00 00 00 00 00 85 c9 0f 85 3d 01 00
0x00007f10efe63417:   00 89 c2 48 89 fe 48 83 e7 e0 eb 5d 0f 1f 00 66
0x00007f10efe63427:   2e 0f 1f 84 00 00 00 00 00 83 e1 1f 48 83 e7 e0
0x00007f10efe63437:   c5 fd 6f 0f c5 fd 74 d1 c5 dd 74 d9 c5 fd d7 d2
0x00007f10efe63447:   c5 fd d7 c3 d3 ea d3 e8 48 83 c7 20 85 c0 75 19
0x00007f10efe63457:   85 d2 0f 85 21 01 00 00 eb 1f 0f 1f 44 00 00 66
0x00007f10efe63467:   2e 0f 1f 84 00 00 00 00 00 85 d2 0f 85 d8 00 00
0x00007f10efe63477:   00 89 c2 48 8d 34 0f 66 90 c5 fd 6f 0f c5 fd 74
0x00007f10efe63487:   d1 48 83 c7 20 c5 dd 74 d9 c5 fd d7 ca c5 fd d7
0x00007f10efe63497:   c3 09 c1 75 54 c5 fd 6f 0f c5 fd 74 d1 48 83 c7
0x00007f10efe634a7:   20 c5 dd 74 d9 c5 fd d7 ca c5 fd d7 c3 09 c1 75
0x00007f10efe634b7:   38 c5 fd 6f 0f c5 fd 74 d1 48 83 c7 20 c5 dd 74
0x00007f10efe634c7:   d9 c5 fd d7 ca c5 fd d7 c3 09 c1 75 1c c5 fd 6f 


Stack slot to memory mapping:
stack at sp + 0 slots: 0x00007f10b95bdef4: fuse_parse_cmdline+0x00000000000000d4 in /lib/x86_64-linux-gnu/libfuse.so.2 at 0x00007f10b95a4000
stack at sp + 1 slots: 0x0 is NULL
stack at sp + 2 slots: 0x0 is NULL
stack at sp + 3 slots: 0x0 is NULL
stack at sp + 4 slots: 0xcaceb7d47a1c9000 is an unknown value
stack at sp + 5 slots: 0x0 is NULL
stack at sp + 6 slots: 0x00007f10f0b22fc0 is pointing into the stack for thread: 0x00007f10e8013800
stack at sp + 7 slots: 0x00007f10f0b23150 is pointing into the stack for thread: 0x00007f10e8013800


---------------  P R O C E S S  ---------------

Threads class SMR info:
_java_thread_list=0x00007f10e8566000, length=12, elements={
0x00007f10e8013800, 0x00007f10e81ed800, 0x00007f10e81f1800, 0x00007f10e8204800,
0x00007f10e8206800, 0x00007f10e8208800, 0x00007f10e820a800, 0x00007f10e8271000,
0x00007f10e8399000, 0x00007f10e839c000, 0x00007f10a0001000, 0x00007f10e8565000
}

Java Threads: ( => current thread )
=>0x00007f10e8013800 JavaThread "main" [_thread_in_native, id=3135, stack(0x00007f10f0a24000,0x00007f10f0b25000)]
  0x00007f10e81ed800 JavaThread "Reference Handler" daemon [_thread_blocked, id=3142, stack(0x00007f10c815b000,0x00007f10c825c000)]
  0x00007f10e81f1800 JavaThread "Finalizer" daemon [_thread_blocked, id=3143, stack(0x00007f10c805a000,0x00007f10c815b000)]
  0x00007f10e8204800 JavaThread "Signal Dispatcher" daemon [_thread_blocked, id=3144, stack(0x00007f10bad30000,0x00007f10bae31000)]
  0x00007f10e8206800 JavaThread "C2 CompilerThread0" daemon [_thread_blocked, id=3145, stack(0x00007f10bac2f000,0x00007f10bad30000)]
  0x00007f10e8208800 JavaThread "C1 CompilerThread0" daemon [_thread_blocked, id=3146, stack(0x00007f10bab2e000,0x00007f10bac2f000)]
  0x00007f10e820a800 JavaThread "Sweeper thread" daemon [_thread_blocked, id=3147, stack(0x00007f10baa2d000,0x00007f10bab2e000)]
  0x00007f10e8271000 JavaThread "Common-Cleaner" daemon [_thread_blocked, id=3150, stack(0x00007f10ba92c000,0x00007f10baa2d000)]
  0x00007f10e8399000 JavaThread "Monitor Ctrl-Break" daemon [_thread_in_native, id=3151, stack(0x00007f10ba402000,0x00007f10ba503000)]
  0x00007f10e839c000 JavaThread "Service Thread" daemon [_thread_blocked, id=3152, stack(0x00007f10ba301000,0x00007f10ba402000)]
  0x00007f10a0001000 JavaThread "Attach Listener" daemon [_thread_blocked, id=3155, stack(0x00007f10b9ce9000,0x00007f10b9dea000)]
  0x00007f10e8565000 JavaThread "jnr.ffi.util.ref.internal.Finalizer" daemon [_thread_blocked, id=3164, stack(0x00007f10b92a3000,0x00007f10b93a4000)]

Other Threads:
  0x00007f10e81e5000 VMThread "VM Thread" [stack: 0x00007f10c825e000,0x00007f10c835e000] [id=3141]
  0x00007f10e839d800 WatcherThread [stack: 0x00007f10ba201000,0x00007f10ba301000] [id=3153]
  0x00007f10e8029800 GCTaskThread "GC Thread#0" [stack: 0x00007f10ec818000,0x00007f10ec918000] [id=3136]
  0x00007f10b0001000 GCTaskThread "GC Thread#1" [stack: 0x00007f10b99e9000,0x00007f10b9ae9000] [id=3156]
  0x00007f10e806f800 ConcurrentGCThread "G1 Main Marker" [stack: 0x00007f10d44dd000,0x00007f10d45dd000] [id=3137]
  0x00007f10e8071800 ConcurrentGCThread "G1 Conc#0" [stack: 0x00007f10d43db000,0x00007f10d44db000] [id=3138]
  0x00007f10e8118000 ConcurrentGCThread "G1 Refine#0" [stack: 0x00007f10d40d7000,0x00007f10d41d7000] [id=3139]
  0x00007f10e811a000 ConcurrentGCThread "G1 Young RemSet Sampling" [stack: 0x00007f10c8360000,0x00007f10c8460000] [id=3140]

Threads with active compile tasks:

VM state:not at safepoint (normal execution)

VM Mutex/Monitor currently owned by a thread: None

Heap address: 0x0000000748c00000, size: 2932 MB, Compressed Oops mode: Zero based, Oop shift amount: 3
Narrow klass base: 0x0000000800000000, Narrow klass shift: 0
Compressed class space size: 1073741824 Address: 0x0000000800000000

Heap:
 garbage-first heap   total 188416K, used 145920K [0x0000000748c00000, 0x0000000800000000)
  region size 1024K, 14 young (14336K), 4 survivors (4096K)
 Metaspace       used 12990K, capacity 13325K, committed 13440K, reserved 1060864K
  class space    used 1283K, capacity 1391K, committed 1408K, reserved 1048576K
Heap Regions: E=young(eden), S=young(survivor), O=old, HS=humongous(starts), HC=humongous(continues), CS=collection set, F=free, A=archive, TAMS=top-at-mark-start (previous, next)
|   0|0x0000000748c00000, 0x0000000748d00000, 0x0000000748d00000|100%| O|  |TAMS 0x0000000748d00000, 0x0000000748c00000| Untracked 
|   1|0x0000000748d00000, 0x0000000748e00000, 0x0000000748e00000|100%| O|  |TAMS 0x0000000748e00000, 0x0000000748d00000| Untracked 
|   2|0x0000000748e00000, 0x0000000748f00000, 0x0000000748f00000|100%| O|  |TAMS 0x0000000748f00000, 0x0000000748e00000| Untracked 
|   3|0x0000000748f00000, 0x0000000749000000, 0x0000000749000000|100%| O|  |TAMS 0x0000000749000000, 0x0000000748f00000| Untracked 
|   4|0x0000000749000000, 0x0000000749100000, 0x0000000749100000|100%| O|  |TAMS 0x0000000749100000, 0x0000000749000000| Untracked 
|   5|0x0000000749100000, 0x0000000749200000, 0x0000000749200000|100%| O|  |TAMS 0x0000000749200000, 0x0000000749100000| Untracked 
|   6|0x0000000749200000, 0x0000000749300000, 0x0000000749300000|100%| O|  |TAMS 0x0000000749300000, 0x0000000749200000| Untracked 
|   7|0x0000000749300000, 0x0000000749400000, 0x0000000749400000|100%| O|  |TAMS 0x0000000749400000, 0x0000000749300000| Untracked 
|   8|0x0000000749400000, 0x0000000749500000, 0x0000000749500000|100%| O|  |TAMS 0x0000000749500000, 0x0000000749400000| Untracked 
|   9|0x0000000749500000, 0x0000000749600000, 0x0000000749600000|100%| O|  |TAMS 0x0000000749600000, 0x0000000749500000| Untracked 
|  10|0x0000000749600000, 0x0000000749700000, 0x0000000749700000|100%| O|  |TAMS 0x0000000749700000, 0x0000000749600000| Untracked 
|  11|0x0000000749700000, 0x0000000749800000, 0x0000000749800000|100%| O|  |TAMS 0x0000000749800000, 0x0000000749700000| Untracked 
|  12|0x0000000749800000, 0x0000000749900000, 0x0000000749900000|100%| O|  |TAMS 0x0000000749900000, 0x0000000749800000| Untracked 
|  13|0x0000000749900000, 0x0000000749a00000, 0x0000000749a00000|100%| O|  |TAMS 0x0000000749a00000, 0x0000000749900000| Untracked 
|  14|0x0000000749a00000, 0x0000000749b00000, 0x0000000749b00000|100%| O|  |TAMS 0x0000000749b00000, 0x0000000749a00000| Untracked 
|  15|0x0000000749b00000, 0x0000000749c00000, 0x0000000749c00000|100%| O|  |TAMS 0x0000000749c00000, 0x0000000749b00000| Untracked 
|  16|0x0000000749c00000, 0x0000000749d00000, 0x0000000749d00000|100%| O|  |TAMS 0x0000000749d00000, 0x0000000749c00000| Untracked 
|  17|0x0000000749d00000, 0x0000000749e00000, 0x0000000749e00000|100%| O|  |TAMS 0x0000000749e00000, 0x0000000749d00000| Untracked 
|  18|0x0000000749e00000, 0x0000000749f00000, 0x0000000749f00000|100%| O|  |TAMS 0x0000000749f00000, 0x0000000749e00000| Untracked 
|  19|0x0000000749f00000, 0x000000074a000000, 0x000000074a000000|100%| O|  |TAMS 0x000000074a000000, 0x0000000749f00000| Untracked 
|  20|0x000000074a000000, 0x000000074a100000, 0x000000074a100000|100%| O|  |TAMS 0x000000074a100000, 0x000000074a000000| Untracked 
|  21|0x000000074a100000, 0x000000074a200000, 0x000000074a200000|100%| O|  |TAMS 0x000000074a200000, 0x000000074a100000| Untracked 
|  22|0x000000074a200000, 0x000000074a300000, 0x000000074a300000|100%| O|  |TAMS 0x000000074a300000, 0x000000074a200000| Untracked 
|  23|0x000000074a300000, 0x000000074a400000, 0x000000074a400000|100%| O|  |TAMS 0x000000074a400000, 0x000000074a300000| Untracked 
|  24|0x000000074a400000, 0x000000074a500000, 0x000000074a500000|100%| O|  |TAMS 0x000000074a500000, 0x000000074a400000| Untracked 
|  25|0x000000074a500000, 0x000000074a600000, 0x000000074a600000|100%| O|  |TAMS 0x000000074a600000, 0x000000074a500000| Untracked 
|  26|0x000000074a600000, 0x000000074a700000, 0x000000074a700000|100%| O|  |TAMS 0x000000074a700000, 0x000000074a600000| Untracked 
|  27|0x000000074a700000, 0x000000074a800000, 0x000000074a800000|100%| O|  |TAMS 0x000000074a800000, 0x000000074a700000| Untracked 
|  28|0x000000074a800000, 0x000000074a900000, 0x000000074a900000|100%| O|  |TAMS 0x000000074a900000, 0x000000074a800000| Untracked 
|  29|0x000000074a900000, 0x000000074aa00000, 0x000000074aa00000|100%| O|  |TAMS 0x000000074aa00000, 0x000000074a900000| Untracked 
|  30|0x000000074aa00000, 0x000000074ab00000, 0x000000074ab00000|100%| O|  |TAMS 0x000000074ab00000, 0x000000074aa00000| Untracked 
|  31|0x000000074ab00000, 0x000000074ac00000, 0x000000074ac00000|100%| O|  |TAMS 0x000000074ac00000, 0x000000074ab00000| Untracked 
|  32|0x000000074ac00000, 0x000000074ad00000, 0x000000074ad00000|100%| O|  |TAMS 0x000000074ad00000, 0x000000074ac00000| Untracked 
|  33|0x000000074ad00000, 0x000000074ae00000, 0x000000074ae00000|100%| O|  |TAMS 0x000000074ae00000, 0x000000074ad00000| Untracked 
|  34|0x000000074ae00000, 0x000000074af00000, 0x000000074af00000|100%| O|  |TAMS 0x000000074af00000, 0x000000074ae00000| Untracked 
|  35|0x000000074af00000, 0x000000074b000000, 0x000000074b000000|100%| O|  |TAMS 0x000000074b000000, 0x000000074af00000| Untracked 
|  36|0x000000074b000000, 0x000000074b100000, 0x000000074b100000|100%| O|  |TAMS 0x000000074b100000, 0x000000074b000000| Untracked 
|  37|0x000000074b100000, 0x000000074b200000, 0x000000074b200000|100%| O|  |TAMS 0x000000074b200000, 0x000000074b100000| Untracked 
|  38|0x000000074b200000, 0x000000074b300000, 0x000000074b300000|100%| O|  |TAMS 0x000000074b300000, 0x000000074b200000| Untracked 
|  39|0x000000074b300000, 0x000000074b400000, 0x000000074b400000|100%| O|  |TAMS 0x000000074b400000, 0x000000074b300000| Untracked 
|  40|0x000000074b400000, 0x000000074b500000, 0x000000074b500000|100%| O|  |TAMS 0x000000074b500000, 0x000000074b400000| Untracked 
|  41|0x000000074b500000, 0x000000074b600000, 0x000000074b600000|100%| O|  |TAMS 0x000000074b600000, 0x000000074b500000| Untracked 
|  42|0x000000074b600000, 0x000000074b700000, 0x000000074b700000|100%| O|  |TAMS 0x000000074b700000, 0x000000074b600000| Untracked 
|  43|0x000000074b700000, 0x000000074b800000, 0x000000074b800000|100%| O|  |TAMS 0x000000074b800000, 0x000000074b700000| Untracked 
|  44|0x000000074b800000, 0x000000074b900000, 0x000000074b900000|100%| O|  |TAMS 0x000000074b900000, 0x000000074b800000| Untracked 
|  45|0x000000074b900000, 0x000000074ba00000, 0x000000074ba00000|100%| O|  |TAMS 0x000000074ba00000, 0x000000074b900000| Untracked 
|  46|0x000000074ba00000, 0x000000074bb00000, 0x000000074bb00000|100%| O|  |TAMS 0x000000074bb00000, 0x000000074ba00000| Untracked 
|  47|0x000000074bb00000, 0x000000074bc00000, 0x000000074bc00000|100%| O|  |TAMS 0x000000074bc00000, 0x000000074bb00000| Untracked 
|  48|0x000000074bc00000, 0x000000074bd00000, 0x000000074bd00000|100%| O|  |TAMS 0x000000074bd00000, 0x000000074bc00000| Untracked 
|  49|0x000000074bd00000, 0x000000074be00000, 0x000000074be00000|100%| O|  |TAMS 0x000000074be00000, 0x000000074bd00000| Untracked 
|  50|0x000000074be00000, 0x000000074bf00000, 0x000000074bf00000|100%| O|  |TAMS 0x000000074bf00000, 0x000000074be00000| Untracked 
|  51|0x000000074bf00000, 0x000000074c000000, 0x000000074c000000|100%| O|  |TAMS 0x000000074c000000, 0x000000074bf00000| Untracked 
|  52|0x000000074c000000, 0x000000074c100000, 0x000000074c100000|100%| O|  |TAMS 0x000000074c100000, 0x000000074c000000| Untracked 
|  53|0x000000074c100000, 0x000000074c200000, 0x000000074c200000|100%| O|  |TAMS 0x000000074c200000, 0x000000074c100000| Untracked 
|  54|0x000000074c200000, 0x000000074c300000, 0x000000074c300000|100%| O|  |TAMS 0x000000074c300000, 0x000000074c200000| Untracked 
|  55|0x000000074c300000, 0x000000074c400000, 0x000000074c400000|100%| O|  |TAMS 0x000000074c400000, 0x000000074c300000| Untracked 
|  56|0x000000074c400000, 0x000000074c500000, 0x000000074c500000|100%| O|  |TAMS 0x000000074c500000, 0x000000074c400000| Untracked 
|  57|0x000000074c500000, 0x000000074c600000, 0x000000074c600000|100%| O|  |TAMS 0x000000074c600000, 0x000000074c500000| Untracked 
|  58|0x000000074c600000, 0x000000074c700000, 0x000000074c700000|100%| O|  |TAMS 0x000000074c700000, 0x000000074c600000| Untracked 
|  59|0x000000074c700000, 0x000000074c800000, 0x000000074c800000|100%| O|  |TAMS 0x000000074c800000, 0x000000074c700000| Untracked 
|  60|0x000000074c800000, 0x000000074c900000, 0x000000074c900000|100%| O|  |TAMS 0x000000074c900000, 0x000000074c800000| Untracked 
|  61|0x000000074c900000, 0x000000074ca00000, 0x000000074ca00000|100%| O|  |TAMS 0x000000074ca00000, 0x000000074c900000| Untracked 
|  62|0x000000074ca00000, 0x000000074cb00000, 0x000000074cb00000|100%| O|  |TAMS 0x000000074cb00000, 0x000000074ca00000| Untracked 
|  63|0x000000074cb00000, 0x000000074cc00000, 0x000000074cc00000|100%| O|  |TAMS 0x000000074cc00000, 0x000000074cb00000| Untracked 
|  64|0x000000074cc00000, 0x000000074cd00000, 0x000000074cd00000|100%| O|  |TAMS 0x000000074cd00000, 0x000000074cc00000| Untracked 
|  65|0x000000074cd00000, 0x000000074cd80000, 0x000000074ce00000| 50%| O|  |TAMS 0x000000074cd80000, 0x000000074cd00000| Untracked 
|  66|0x000000074ce00000, 0x000000074cf00000, 0x000000074cf00000|100%|HS|  |TAMS 0x000000074ce00000, 0x000000074ce00000| Complete 
|  67|0x000000074cf00000, 0x000000074d000000, 0x000000074d000000|100%|HC|  |TAMS 0x000000074cf00000, 0x000000074cf00000| Complete 
|  68|0x000000074d000000, 0x000000074d100000, 0x000000074d100000|100%|HC|  |TAMS 0x000000074d000000, 0x000000074d000000| Complete 
|  69|0x000000074d100000, 0x000000074d200000, 0x000000074d200000|100%|HC|  |TAMS 0x000000074d100000, 0x000000074d100000| Complete 
|  70|0x000000074d200000, 0x000000074d300000, 0x000000074d300000|100%|HC|  |TAMS 0x000000074d200000, 0x000000074d200000| Complete 
|  71|0x000000074d300000, 0x000000074d400000, 0x000000074d400000|100%|HC|  |TAMS 0x000000074d300000, 0x000000074d300000| Complete 
|  72|0x000000074d400000, 0x000000074d500000, 0x000000074d500000|100%|HC|  |TAMS 0x000000074d400000, 0x000000074d400000| Complete 
|  73|0x000000074d500000, 0x000000074d600000, 0x000000074d600000|100%|HC|  |TAMS 0x000000074d500000, 0x000000074d500000| Complete 
|  74|0x000000074d600000, 0x000000074d700000, 0x000000074d700000|100%|HC|  |TAMS 0x000000074d600000, 0x000000074d600000| Complete 
|  75|0x000000074d700000, 0x000000074d800000, 0x000000074d800000|100%|HC|  |TAMS 0x000000074d700000, 0x000000074d700000| Complete 
|  76|0x000000074d800000, 0x000000074d900000, 0x000000074d900000|100%|HC|  |TAMS 0x000000074d800000, 0x000000074d800000| Complete 
|  77|0x000000074d900000, 0x000000074da00000, 0x000000074da00000|100%|HC|  |TAMS 0x000000074d900000, 0x000000074d900000| Complete 
|  78|0x000000074da00000, 0x000000074db00000, 0x000000074db00000|100%|HC|  |TAMS 0x000000074da00000, 0x000000074da00000| Complete 
|  79|0x000000074db00000, 0x000000074dc00000, 0x000000074dc00000|100%|HC|  |TAMS 0x000000074db00000, 0x000000074db00000| Complete 
|  80|0x000000074dc00000, 0x000000074dd00000, 0x000000074dd00000|100%|HC|  |TAMS 0x000000074dc00000, 0x000000074dc00000| Complete 
|  81|0x000000074dd00000, 0x000000074de00000, 0x000000074de00000|100%|HC|  |TAMS 0x000000074dd00000, 0x000000074dd00000| Complete 
|  82|0x000000074de00000, 0x000000074df00000, 0x000000074df00000|100%|HC|  |TAMS 0x000000074de00000, 0x000000074de00000| Complete 
|  83|0x000000074df00000, 0x000000074e000000, 0x000000074e000000|100%|HC|  |TAMS 0x000000074df00000, 0x000000074df00000| Complete 
|  84|0x000000074e000000, 0x000000074e100000, 0x000000074e100000|100%|HC|  |TAMS 0x000000074e000000, 0x000000074e000000| Complete 
|  85|0x000000074e100000, 0x000000074e200000, 0x000000074e200000|100%|HC|  |TAMS 0x000000074e100000, 0x000000074e100000| Complete 
|  86|0x000000074e200000, 0x000000074e300000, 0x000000074e300000|100%|HC|  |TAMS 0x000000074e200000, 0x000000074e200000| Complete 
|  87|0x000000074e300000, 0x000000074e400000, 0x000000074e400000|100%|HC|  |TAMS 0x000000074e300000, 0x000000074e300000| Complete 
|  88|0x000000074e400000, 0x000000074e500000, 0x000000074e500000|100%|HC|  |TAMS 0x000000074e400000, 0x000000074e400000| Complete 
|  89|0x000000074e500000, 0x000000074e600000, 0x000000074e600000|100%|HC|  |TAMS 0x000000074e500000, 0x000000074e500000| Complete 
|  90|0x000000074e600000, 0x000000074e700000, 0x000000074e700000|100%|HC|  |TAMS 0x000000074e600000, 0x000000074e600000| Complete 
|  91|0x000000074e700000, 0x000000074e800000, 0x000000074e800000|100%|HC|  |TAMS 0x000000074e700000, 0x000000074e700000| Complete 
|  92|0x000000074e800000, 0x000000074e900000, 0x000000074e900000|100%|HC|  |TAMS 0x000000074e800000, 0x000000074e800000| Complete 
|  93|0x000000074e900000, 0x000000074ea00000, 0x000000074ea00000|100%|HC|  |TAMS 0x000000074e900000, 0x000000074e900000| Complete 
|  94|0x000000074ea00000, 0x000000074eb00000, 0x000000074eb00000|100%|HC|  |TAMS 0x000000074ea00000, 0x000000074ea00000| Complete 
|  95|0x000000074eb00000, 0x000000074ec00000, 0x000000074ec00000|100%|HC|  |TAMS 0x000000074eb00000, 0x000000074eb00000| Complete 
|  96|0x000000074ec00000, 0x000000074ed00000, 0x000000074ed00000|100%|HC|  |TAMS 0x000000074ec00000, 0x000000074ec00000| Complete 
|  97|0x000000074ed00000, 0x000000074ee00000, 0x000000074ee00000|100%|HC|  |TAMS 0x000000074ed00000, 0x000000074ed00000| Complete 
|  98|0x000000074ee00000, 0x000000074ef00000, 0x000000074ef00000|100%|HC|  |TAMS 0x000000074ee00000, 0x000000074ee00000| Complete 
|  99|0x000000074ef00000, 0x000000074f000000, 0x000000074f000000|100%|HC|  |TAMS 0x000000074ef00000, 0x000000074ef00000| Complete 
| 100|0x000000074f000000, 0x000000074f100000, 0x000000074f100000|100%|HC|  |TAMS 0x000000074f000000, 0x000000074f000000| Complete 
| 101|0x000000074f100000, 0x000000074f200000, 0x000000074f200000|100%|HC|  |TAMS 0x000000074f100000, 0x000000074f100000| Complete 
| 102|0x000000074f200000, 0x000000074f300000, 0x000000074f300000|100%|HC|  |TAMS 0x000000074f200000, 0x000000074f200000| Complete 
| 103|0x000000074f300000, 0x000000074f400000, 0x000000074f400000|100%|HC|  |TAMS 0x000000074f300000, 0x000000074f300000| Complete 
| 104|0x000000074f400000, 0x000000074f500000, 0x000000074f500000|100%|HC|  |TAMS 0x000000074f400000, 0x000000074f400000| Complete 
| 105|0x000000074f500000, 0x000000074f600000, 0x000000074f600000|100%|HC|  |TAMS 0x000000074f500000, 0x000000074f500000| Complete 
| 106|0x000000074f600000, 0x000000074f700000, 0x000000074f700000|100%|HC|  |TAMS 0x000000074f600000, 0x000000074f600000| Complete 
| 107|0x000000074f700000, 0x000000074f800000, 0x000000074f800000|100%|HC|  |TAMS 0x000000074f700000, 0x000000074f700000| Complete 
| 108|0x000000074f800000, 0x000000074f900000, 0x000000074f900000|100%|HC|  |TAMS 0x000000074f800000, 0x000000074f800000| Complete 
| 109|0x000000074f900000, 0x000000074fa00000, 0x000000074fa00000|100%|HC|  |TAMS 0x000000074f900000, 0x000000074f900000| Complete 
| 110|0x000000074fa00000, 0x000000074fb00000, 0x000000074fb00000|100%|HC|  |TAMS 0x000000074fa00000, 0x000000074fa00000| Complete 
| 111|0x000000074fb00000, 0x000000074fc00000, 0x000000074fc00000|100%|HC|  |TAMS 0x000000074fb00000, 0x000000074fb00000| Complete 
| 112|0x000000074fc00000, 0x000000074fd00000, 0x000000074fd00000|100%|HC|  |TAMS 0x000000074fc00000, 0x000000074fc00000| Complete 
| 113|0x000000074fd00000, 0x000000074fe00000, 0x000000074fe00000|100%|HC|  |TAMS 0x000000074fd00000, 0x000000074fd00000| Complete 
| 114|0x000000074fe00000, 0x000000074ff00000, 0x000000074ff00000|100%|HC|  |TAMS 0x000000074fe00000, 0x000000074fe00000| Complete 
| 115|0x000000074ff00000, 0x0000000750000000, 0x0000000750000000|100%|HC|  |TAMS 0x000000074ff00000, 0x000000074ff00000| Complete 
| 116|0x0000000750000000, 0x0000000750100000, 0x0000000750100000|100%|HC|  |TAMS 0x0000000750000000, 0x0000000750000000| Complete 
| 117|0x0000000750100000, 0x0000000750200000, 0x0000000750200000|100%|HC|  |TAMS 0x0000000750100000, 0x0000000750100000| Complete 
| 118|0x0000000750200000, 0x0000000750300000, 0x0000000750300000|100%|HC|  |TAMS 0x0000000750200000, 0x0000000750200000| Complete 
| 119|0x0000000750300000, 0x0000000750400000, 0x0000000750400000|100%|HC|  |TAMS 0x0000000750300000, 0x0000000750300000| Complete 
| 120|0x0000000750400000, 0x0000000750500000, 0x0000000750500000|100%|HC|  |TAMS 0x0000000750400000, 0x0000000750400000| Complete 
| 121|0x0000000750500000, 0x0000000750600000, 0x0000000750600000|100%|HC|  |TAMS 0x0000000750500000, 0x0000000750500000| Complete 
| 122|0x0000000750600000, 0x0000000750700000, 0x0000000750700000|100%|HC|  |TAMS 0x0000000750600000, 0x0000000750600000| Complete 
| 123|0x0000000750700000, 0x0000000750800000, 0x0000000750800000|100%|HC|  |TAMS 0x0000000750700000, 0x0000000750700000| Complete 
| 124|0x0000000750800000, 0x0000000750900000, 0x0000000750900000|100%|HC|  |TAMS 0x0000000750800000, 0x0000000750800000| Complete 
| 125|0x0000000750900000, 0x0000000750a00000, 0x0000000750a00000|100%|HC|  |TAMS 0x0000000750900000, 0x0000000750900000| Complete 
| 126|0x0000000750a00000, 0x0000000750b00000, 0x0000000750b00000|100%|HC|  |TAMS 0x0000000750a00000, 0x0000000750a00000| Complete 
| 127|0x0000000750b00000, 0x0000000750c00000, 0x0000000750c00000|100%|HC|  |TAMS 0x0000000750b00000, 0x0000000750b00000| Complete 
| 128|0x0000000750c00000, 0x0000000750d00000, 0x0000000750d00000|100%|HC|  |TAMS 0x0000000750c00000, 0x0000000750c00000| Complete 
| 129|0x0000000750d00000, 0x0000000750e00000, 0x0000000750e00000|100%|HC|  |TAMS 0x0000000750d00000, 0x0000000750d00000| Complete 
| 130|0x0000000750e00000, 0x0000000750f00000, 0x0000000750f00000|100%|HC|  |TAMS 0x0000000750e00000, 0x0000000750e00000| Complete 
| 131|0x0000000750f00000, 0x0000000750f00000, 0x0000000751000000|  0%| F|  |TAMS 0x0000000750f00000, 0x0000000750f00000| Untracked 
| 132|0x0000000751000000, 0x0000000751000000, 0x0000000751100000|  0%| F|  |TAMS 0x0000000751000000, 0x0000000751000000| Untracked 
| 133|0x0000000751100000, 0x0000000751100000, 0x0000000751200000|  0%| F|  |TAMS 0x0000000751100000, 0x0000000751100000| Untracked 
| 134|0x0000000751200000, 0x0000000751200000, 0x0000000751300000|  0%| F|  |TAMS 0x0000000751200000, 0x0000000751200000| Untracked 
| 135|0x0000000751300000, 0x0000000751300000, 0x0000000751400000|  0%| F|  |TAMS 0x0000000751300000, 0x0000000751300000| Untracked 
| 136|0x0000000751400000, 0x0000000751400000, 0x0000000751500000|  0%| F|  |TAMS 0x0000000751400000, 0x0000000751400000| Untracked 
| 137|0x0000000751500000, 0x0000000751500000, 0x0000000751600000|  0%| F|  |TAMS 0x0000000751500000, 0x0000000751500000| Untracked 
| 138|0x0000000751600000, 0x0000000751600000, 0x0000000751700000|  0%| F|  |TAMS 0x0000000751600000, 0x0000000751600000| Untracked 
| 139|0x0000000751700000, 0x0000000751700000, 0x0000000751800000|  0%| F|  |TAMS 0x0000000751700000, 0x0000000751700000| Untracked 
| 140|0x0000000751800000, 0x0000000751800000, 0x0000000751900000|  0%| F|  |TAMS 0x0000000751800000, 0x0000000751800000| Untracked 
| 141|0x0000000751900000, 0x0000000751900000, 0x0000000751a00000|  0%| F|  |TAMS 0x0000000751900000, 0x0000000751900000| Untracked 
| 142|0x0000000751a00000, 0x0000000751a00000, 0x0000000751b00000|  0%| F|  |TAMS 0x0000000751a00000, 0x0000000751a00000| Untracked 
| 143|0x0000000751b00000, 0x0000000751b00000, 0x0000000751c00000|  0%| F|  |TAMS 0x0000000751b00000, 0x0000000751b00000| Untracked 
| 144|0x0000000751c00000, 0x0000000751c00000, 0x0000000751d00000|  0%| F|  |TAMS 0x0000000751c00000, 0x0000000751c00000| Untracked 
| 145|0x0000000751d00000, 0x0000000751d00000, 0x0000000751e00000|  0%| F|  |TAMS 0x0000000751d00000, 0x0000000751d00000| Untracked 
| 146|0x0000000751e00000, 0x0000000751e00000, 0x0000000751f00000|  0%| F|  |TAMS 0x0000000751e00000, 0x0000000751e00000| Untracked 
| 147|0x0000000751f00000, 0x0000000751f00000, 0x0000000752000000|  0%| F|  |TAMS 0x0000000751f00000, 0x0000000751f00000| Untracked 
| 148|0x0000000752000000, 0x0000000752000000, 0x0000000752100000|  0%| F|  |TAMS 0x0000000752000000, 0x0000000752000000| Untracked 
| 149|0x0000000752100000, 0x0000000752100000, 0x0000000752200000|  0%| F|  |TAMS 0x0000000752100000, 0x0000000752100000| Untracked 
| 150|0x0000000752200000, 0x0000000752200000, 0x0000000752300000|  0%| F|  |TAMS 0x0000000752200000, 0x0000000752200000| Untracked 
| 151|0x0000000752300000, 0x0000000752300000, 0x0000000752400000|  0%| F|  |TAMS 0x0000000752300000, 0x0000000752300000| Untracked 
| 152|0x0000000752400000, 0x0000000752400000, 0x0000000752500000|  0%| F|  |TAMS 0x0000000752400000, 0x0000000752400000| Untracked 
| 153|0x0000000752500000, 0x0000000752500000, 0x0000000752600000|  0%| F|  |TAMS 0x0000000752500000, 0x0000000752500000| Untracked 
| 154|0x0000000752600000, 0x0000000752600000, 0x0000000752700000|  0%| F|  |TAMS 0x0000000752600000, 0x0000000752600000| Untracked 
| 155|0x0000000752700000, 0x0000000752700000, 0x0000000752800000|  0%| F|  |TAMS 0x0000000752700000, 0x0000000752700000| Untracked 
| 156|0x0000000752800000, 0x0000000752800000, 0x0000000752900000|  0%| F|  |TAMS 0x0000000752800000, 0x0000000752800000| Untracked 
| 157|0x0000000752900000, 0x0000000752900000, 0x0000000752a00000|  0%| F|  |TAMS 0x0000000752900000, 0x0000000752900000| Untracked 
| 158|0x0000000752a00000, 0x0000000752a00000, 0x0000000752b00000|  0%| F|  |TAMS 0x0000000752a00000, 0x0000000752a00000| Untracked 
| 159|0x0000000752b00000, 0x0000000752b00000, 0x0000000752c00000|  0%| F|  |TAMS 0x0000000752b00000, 0x0000000752b00000| Untracked 
| 160|0x0000000752c00000, 0x0000000752c00000, 0x0000000752d00000|  0%| F|  |TAMS 0x0000000752c00000, 0x0000000752c00000| Untracked 
| 161|0x0000000752d00000, 0x0000000752d00000, 0x0000000752e00000|  0%| F|  |TAMS 0x0000000752d00000, 0x0000000752d00000| Untracked 
| 162|0x0000000752e00000, 0x0000000752e00000, 0x0000000752f00000|  0%| F|  |TAMS 0x0000000752e00000, 0x0000000752e00000| Untracked 
| 163|0x0000000752f00000, 0x0000000752f00000, 0x0000000753000000|  0%| F|  |TAMS 0x0000000752f00000, 0x0000000752f00000| Untracked 
| 164|0x0000000753000000, 0x0000000753000000, 0x0000000753100000|  0%| F|  |TAMS 0x0000000753000000, 0x0000000753000000| Untracked 
| 165|0x0000000753100000, 0x0000000753100000, 0x0000000753200000|  0%| F|  |TAMS 0x0000000753100000, 0x0000000753100000| Untracked 
| 166|0x0000000753200000, 0x0000000753200000, 0x0000000753300000|  0%| F|  |TAMS 0x0000000753200000, 0x0000000753200000| Untracked 
| 167|0x0000000753300000, 0x0000000753300000, 0x0000000753400000|  0%| F|  |TAMS 0x0000000753300000, 0x0000000753300000| Untracked 
| 168|0x0000000753400000, 0x0000000753400000, 0x0000000753500000|  0%| F|  |TAMS 0x0000000753400000, 0x0000000753400000| Untracked 
| 169|0x0000000753500000, 0x0000000753500000, 0x0000000753600000|  0%| F|  |TAMS 0x0000000753500000, 0x0000000753500000| Untracked 
| 170|0x0000000753600000, 0x000000075367e3a8, 0x0000000753700000| 49%| E|  |TAMS 0x0000000753600000, 0x0000000753600000| Complete 
| 171|0x0000000753700000, 0x0000000753800000, 0x0000000753800000|100%| E|CS|TAMS 0x0000000753700000, 0x0000000753700000| Complete 
| 172|0x0000000753800000, 0x0000000753900000, 0x0000000753900000|100%| E|CS|TAMS 0x0000000753800000, 0x0000000753800000| Complete 
| 173|0x0000000753900000, 0x0000000753a00000, 0x0000000753a00000|100%| E|CS|TAMS 0x0000000753900000, 0x0000000753900000| Complete 
| 174|0x0000000753a00000, 0x0000000753b00000, 0x0000000753b00000|100%| S|CS|TAMS 0x0000000753a00000, 0x0000000753a00000| Complete 
| 175|0x0000000753b00000, 0x0000000753c00000, 0x0000000753c00000|100%| S|CS|TAMS 0x0000000753b00000, 0x0000000753b00000| Complete 
| 176|0x0000000753c00000, 0x0000000753d00000, 0x0000000753d00000|100%| S|CS|TAMS 0x0000000753c00000, 0x0000000753c00000| Complete 
| 177|0x0000000753d00000, 0x0000000753e00000, 0x0000000753e00000|100%| S|CS|TAMS 0x0000000753d00000, 0x0000000753d00000| Complete 
| 178|0x0000000753e00000, 0x0000000753f00000, 0x0000000753f00000|100%| E|CS|TAMS 0x0000000753e00000, 0x0000000753e00000| Complete 
| 179|0x0000000753f00000, 0x0000000754000000, 0x0000000754000000|100%| E|CS|TAMS 0x0000000753f00000, 0x0000000753f00000| Complete 
| 180|0x0000000754000000, 0x0000000754100000, 0x0000000754100000|100%| E|  |TAMS 0x0000000754000000, 0x0000000754000000| Complete 
| 181|0x0000000754100000, 0x0000000754200000, 0x0000000754200000|100%| E|CS|TAMS 0x0000000754100000, 0x0000000754100000| Complete 
| 182|0x0000000754200000, 0x0000000754300000, 0x0000000754300000|100%| E|CS|TAMS 0x0000000754200000, 0x0000000754200000| Complete 
| 183|0x0000000754300000, 0x0000000754400000, 0x0000000754400000|100%| E|CS|TAMS 0x0000000754300000, 0x0000000754300000| Complete 

Card table byte_map: [0x00007f10d4b97000,0x00007f10d5151000] _byte_map_base: 0x00007f10d1151000

Marking Bits (Prev, Next): (CMBitMap*) 0x00007f10e8063460, (CMBitMap*) 0x00007f10e8063428
 Prev Bits: [0x00007f10ca460000, 0x00007f10cd230000)
 Next Bits: [0x00007f10cd230000, 0x00007f10d0000000)

Polling page: 0x00007f10f0b3b000

Metaspace:

Usage:
  Non-class:     11.65 MB capacity,    11.43 MB ( 98%) used,   205.81 KB (  2%) free+waste,    21.00 KB ( <1%) overhead. 
      Class:      1.36 MB capacity,     1.25 MB ( 92%) used,    98.12 KB (  7%) free+waste,     9.75 KB ( <1%) overhead. 
       Both:     13.01 MB capacity,    12.69 MB ( 97%) used,   303.94 KB (  2%) free+waste,    30.75 KB ( <1%) overhead. 

Virtual space:
  Non-class space:       12.00 MB reserved,      11.75 MB ( 98%) committed 
      Class space:        1.00 GB reserved,       1.38 MB ( <1%) committed 
             Both:        1.01 GB reserved,      13.12 MB (  1%) committed 

Chunk freelists:
   Non-Class:  18.00 KB
       Class:  0 bytes
        Both:  18.00 KB

CodeHeap 'non-profiled nmethods': size=120036Kb used=283Kb max_used=283Kb free=119752Kb
 bounds [0x00007f10dcc18000, 0x00007f10dce88000, 0x00007f10e4151000]
CodeHeap 'profiled nmethods': size=120032Kb used=1876Kb max_used=1876Kb free=118155Kb
 bounds [0x00007f10d56e0000, 0x00007f10d5950000, 0x00007f10dcc18000]
CodeHeap 'non-nmethods': size=5692Kb used=1172Kb max_used=1184Kb free=4519Kb
 bounds [0x00007f10d5151000, 0x00007f10d53c1000, 0x00007f10d56e0000]
 total_blobs=1672 nmethods=981 adapters=429
 compilation: enabled
              stopped_count=0, restarted_count=0
 full_count=0

Compilation events (10 events):
Event: 7.460 Thread 0x00007f10e8208800  978       3       java.util.IdentityHashMap$IdentityHashMapIterator::nextIndex (72 bytes)
Event: 7.460 Thread 0x00007f10e8208800 nmethod 978 0x00007f10d58b4010 code [0x00007f10d58b4200, 0x00007f10d58b45e8]
Event: 7.461 Thread 0x00007f10e8208800  979       3       java.nio.MappedByteBuffer::position (6 bytes)
Event: 7.461 Thread 0x00007f10e8208800 nmethod 979 0x00007f10d58b4710 code [0x00007f10d58b48e0, 0x00007f10d58b4b48]
Event: 7.462 Thread 0x00007f10e8208800  981       3       java.lang.invoke.MethodHandleNatives::refKindHasReceiver (33 bytes)
Event: 7.462 Thread 0x00007f10e8208800 nmethod 981 0x00007f10d58b4c90 code [0x00007f10d58b4e40, 0x00007f10d58b4ff0]
Event: 7.463 Thread 0x00007f10e8206800  982       4       sun.net.www.ParseUtil::firstEncodeIndex (86 bytes)
Event: 7.468 Thread 0x00007f10e8206800 nmethod 982 0x00007f10dcc5e490 code [0x00007f10dcc5e640, 0x00007f10dcc5e848]
Event: 7.471 Thread 0x00007f10e8206800  983 %     4       java.lang.StringCoding::hasNegatives @ 2 (25 bytes)
Event: 7.476 Thread 0x00007f10e8206800 nmethod 983% 0x00007f10dcc5ea10 code [0x00007f10dcc5eba0, 0x00007f10dcc5edd8]

GC Heap History (10 events):
Event: 2.727 GC heap before
{Heap before GC invocations=2 (full 0):
 garbage-first heap   total 188416K, used 18913K [0x0000000748c00000, 0x0000000800000000)
  region size 1024K, 9 young (9216K), 2 survivors (2048K)
 Metaspace       used 9365K, capacity 9486K, committed 9728K, reserved 1058816K
  class space    used 887K, capacity 925K, committed 1024K, reserved 1048576K
}
Event: 2.731 GC heap after
{Heap after GC invocations=3 (full 0):
 garbage-first heap   total 188416K, used 20255K [0x0000000748c00000, 0x0000000800000000)
  region size 1024K, 2 young (2048K), 2 survivors (2048K)
 Metaspace       used 9365K, capacity 9486K, committed 9728K, reserved 1058816K
  class space    used 887K, capacity 925K, committed 1024K, reserved 1048576K
}
Event: 2.901 GC heap before
{Heap before GC invocations=3 (full 0):
 garbage-first heap   total 188416K, used 30495K [0x0000000748c00000, 0x0000000800000000)
  region size 1024K, 13 young (13312K), 2 survivors (2048K)
 Metaspace       used 9365K, capacity 9486K, committed 9728K, reserved 1058816K
  class space    used 887K, capacity 925K, committed 1024K, reserved 1048576K
}
Event: 2.918 GC heap after
{Heap after GC invocations=4 (full 0):
 garbage-first heap   total 188416K, used 32256K [0x0000000748c00000, 0x0000000800000000)
  region size 1024K, 2 young (2048K), 2 survivors (2048K)
 Metaspace       used 9365K, capacity 9486K, committed 9728K, reserved 1058816K
  class space    used 887K, capacity 925K, committed 1024K, reserved 1048576K
}
Event: 3.078 GC heap before
{Heap before GC invocations=4 (full 0):
 garbage-first heap   total 188416K, used 44544K [0x0000000748c00000, 0x0000000800000000)
  region size 1024K, 15 young (15360K), 2 survivors (2048K)
 Metaspace       used 9365K, capacity 9486K, committed 9728K, reserved 1058816K
  class space    used 887K, capacity 925K, committed 1024K, reserved 1048576K
}
Event: 3.084 GC heap after
{Heap after GC invocations=5 (full 0):
 garbage-first heap   total 188416K, used 46080K [0x0000000748c00000, 0x0000000800000000)
  region size 1024K, 2 young (2048K), 2 survivors (2048K)
 Metaspace       used 9365K, capacity 9486K, committed 9728K, reserved 1058816K
  class space    used 887K, capacity 925K, committed 1024K, reserved 1048576K
}
Event: 3.402 GC heap before
{Heap before GC invocations=5 (full 0):
 garbage-first heap   total 188416K, used 64512K [0x0000000748c00000, 0x0000000800000000)
  region size 1024K, 20 young (20480K), 2 survivors (2048K)
 Metaspace       used 9365K, capacity 9486K, committed 9728K, reserved 1058816K
  class space    used 887K, capacity 925K, committed 1024K, reserved 1048576K
}
Event: 3.432 GC heap after
{Heap after GC invocations=6 (full 0):
 garbage-first heap   total 188416K, used 65024K [0x0000000748c00000, 0x0000000800000000)
  region size 1024K, 3 young (3072K), 3 survivors (3072K)
 Metaspace       used 9365K, capacity 9486K, committed 9728K, reserved 1058816K
  class space    used 887K, capacity 925K, committed 1024K, reserved 1048576K
}
Event: 3.473 GC heap before
{Heap before GC invocations=6 (full 0):
 garbage-first heap   total 188416K, used 70144K [0x0000000748c00000, 0x0000000800000000)
  region size 1024K, 9 young (9216K), 3 survivors (3072K)
 Metaspace       used 9365K, capacity 9486K, committed 9728K, reserved 1058816K
  class space    used 887K, capacity 925K, committed 1024K, reserved 1048576K
}
Event: 3.478 GC heap after
{Heap after GC invocations=7 (full 0):
 garbage-first heap   total 188416K, used 71168K [0x0000000748c00000, 0x0000000800000000)
  region size 1024K, 4 young (4096K), 4 survivors (4096K)
 Metaspace       used 9365K, capacity 9486K, committed 9728K, reserved 1058816K
  class space    used 887K, capacity 925K, committed 1024K, reserved 1048576K
}

Deoptimization events (10 events):
Event: 4.026 Thread 0x00007f10e8013800 DEOPT PACKING pc=0x00007f10dcc41880 sp=0x00007f10f0b236d0
Event: 4.026 Thread 0x00007f10e8013800 DEOPT UNPACKING pc=0x00007f10d5179925 sp=0x00007f10f0b23688 mode 2
Event: 6.479 Thread 0x00007f10e8013800 DEOPT PACKING pc=0x00007f10d572a184 sp=0x00007f10f0b1f270
Event: 6.479 Thread 0x00007f10e8013800 DEOPT UNPACKING pc=0x00007f10d517973a sp=0x00007f10f0b1e6e8 mode 0
Event: 7.105 Thread 0x00007f10e8013800 Uncommon trap: trap_request=0xffffff4d fr.pc=0x00007f10dcc47a94 relative=0x0000000000000154
Event: 7.105 Thread 0x00007f10e8013800 Uncommon trap: reason=unstable_if action=reinterpret pc=0x00007f10dcc47a94 method=java.util.HashMap.getNode(ILjava/lang/Object;)Ljava/util/HashMap$Node; @ 129 c2
Event: 7.105 Thread 0x00007f10e8013800 DEOPT PACKING pc=0x00007f10dcc47a94 sp=0x00007f10f0b20e30
Event: 7.105 Thread 0x00007f10e8013800 DEOPT UNPACKING pc=0x00007f10d5179925 sp=0x00007f10f0b20dc0 mode 2
Event: 7.476 Thread 0x00007f10e8013800 DEOPT PACKING pc=0x00007f10d5751eba sp=0x00007f10f0b21830
Event: 7.476 Thread 0x00007f10e8013800 DEOPT UNPACKING pc=0x00007f10d517973a sp=0x00007f10f0b20cb8 mode 0

Classes redefined (0 events):
No events

Internal exceptions (4 events):
Event: 6.273 Thread 0x00007f10e8013800 Exception <a 'java/lang/NoSuchMethodError'{0x0000000754327488}: 'int java.lang.invoke.DirectMethodHandle$Holder.invokeSpecialIFC(java.lang.Object, java.lang.Object, int)'> (0x0000000754327488) thrown at [/opt/buildAgent/work/5ff2f6c26000d570/src/hotspot/s
Event: 7.344 Thread 0x00007f10e8013800 Exception <a 'java/lang/NoSuchMethodError'{0x00000007538a8d48}: 'int java.lang.invoke.DirectMethodHandle$Holder.invokeInterface(java.lang.Object, java.lang.Object, java.lang.Object, java.lang.Object)'> (0x00000007538a8d48) thrown at [/opt/buildAgent/work/
Event: 7.450 Thread 0x00007f10e8013800 Exception <a 'java/lang/NoSuchMethodError'{0x00000007537cdec8}: 'int java.lang.invoke.DirectMethodHandle$Holder.invokeInterface(java.lang.Object, java.lang.Object, java.lang.Object, int)'> (0x00000007537cdec8) thrown at [/opt/buildAgent/work/5ff2f6c26000d
Event: 7.462 Thread 0x00007f10e8013800 Exception <a 'java/lang/NoSuchMethodError'{0x00000007537ff0c8}: 'void java.lang.invoke.DirectMethodHandle$Holder.invokeVirtual(java.lang.Object, java.lang.Object)'> (0x00000007537ff0c8) thrown at [/opt/buildAgent/work/5ff2f6c26000d570/src/hotspot/share/in

Events (10 events):
Event: 7.470 loading class jnr/ffi/provider/jffi/PrimitiveArrayParameterStrategy
Event: 7.470 loading class jnr/ffi/provider/jffi/PrimitiveArrayParameterStrategy done
Event: 7.470 loading class com/kenai/jffi/ObjectParameterStrategy$StrategyType
Event: 7.470 loading class com/kenai/jffi/ObjectParameterStrategy$StrategyType done
Event: 7.471 loading class com/kenai/jffi/ObjectParameterType
Event: 7.471 loading class com/kenai/jffi/ObjectParameterType done
Event: 7.471 loading class com/kenai/jffi/ObjectParameterType$ObjectType
Event: 7.471 loading class com/kenai/jffi/ObjectParameterType$ObjectType done
Event: 7.476 loading class com/kenai/jffi/ObjectParameterType$TypeCache
Event: 7.476 loading class com/kenai/jffi/ObjectParameterType$TypeCache done


Dynamic libraries:
00400000-00401000 r-xp 00000000 08:01 659157                             /home/james/Downloads/idea-IU-192.6817.14/jbr/bin/java
00601000-00602000 r--p 00001000 08:01 659157                             /home/james/Downloads/idea-IU-192.6817.14/jbr/bin/java
00602000-00603000 rw-p 00002000 08:01 659157                             /home/james/Downloads/idea-IU-192.6817.14/jbr/bin/java
01111000-01132000 rw-p 00000000 00:00 0                                  [heap]
748c00000-754400000 rw-p 00000000 00:00 0 
754400000-800000000 ---p 00000000 00:00 0 
800000000-800160000 rw-p 00000000 00:00 0 
800160000-840000000 ---p 00000000 00:00 0 
7f1090000000-7f1090038000 rw-p 00000000 00:00 0 
7f1090038000-7f1094000000 ---p 00000000 00:00 0 
7f1094000000-7f1094021000 rw-p 00000000 00:00 0 
7f1094021000-7f1098000000 ---p 00000000 00:00 0 
7f1098000000-7f10983eb000 rw-p 00000000 00:00 0 
7f10983eb000-7f109c000000 ---p 00000000 00:00 0 
7f109c000000-7f109c021000 rw-p 00000000 00:00 0 
7f109c021000-7f10a0000000 ---p 00000000 00:00 0 
7f10a0000000-7f10a0021000 rw-p 00000000 00:00 0 
7f10a0021000-7f10a4000000 ---p 00000000 00:00 0 
7f10a4000000-7f10a447d000 rw-p 00000000 00:00 0 
7f10a447d000-7f10a8000000 ---p 00000000 00:00 0 
7f10a8000000-7f10a8021000 rw-p 00000000 00:00 0 
7f10a8021000-7f10ac000000 ---p 00000000 00:00 0 
7f10ac000000-7f10ac021000 rw-p 00000000 00:00 0 
7f10ac021000-7f10b0000000 ---p 00000000 00:00 0 
7f10b0000000-7f10b0021000 rw-p 00000000 00:00 0 
7f10b0021000-7f10b4000000 ---p 00000000 00:00 0 
7f10b4000000-7f10b4021000 rw-p 00000000 00:00 0 
7f10b4021000-7f10b8000000 ---p 00000000 00:00 0 
7f10b90a1000-7f10b90a2000 r-xp 00000000 08:01 416441                     /home/james/Downloads/idea-IU-192.6817.14/jbr/lib/libjaas.so
7f10b90a2000-7f10b92a1000 ---p 00001000 08:01 416441                     /home/james/Downloads/idea-IU-192.6817.14/jbr/lib/libjaas.so
7f10b92a1000-7f10b92a2000 r--p 00000000 08:01 416441                     /home/james/Downloads/idea-IU-192.6817.14/jbr/lib/libjaas.so
7f10b92a2000-7f10b92a3000 rw-p 00001000 08:01 416441                     /home/james/Downloads/idea-IU-192.6817.14/jbr/lib/libjaas.so
7f10b92a3000-7f10b92a7000 ---p 00000000 00:00 0 
7f10b92a7000-7f10b9564000 rw-p 00000000 00:00 0 
7f10b9564000-7f10b95a4000 ---p 00000000 00:00 0 
7f10b95a4000-7f10b95ce000 r-xp 00000000 08:01 398134                     /lib/x86_64-linux-gnu/libfuse.so.2.9.7
7f10b95ce000-7f10b97cd000 ---p 0002a000 08:01 398134                     /lib/x86_64-linux-gnu/libfuse.so.2.9.7
7f10b97cd000-7f10b97df000 r--p 00029000 08:01 398134                     /lib/x86_64-linux-gnu/libfuse.so.2.9.7
7f10b97df000-7f10b97e0000 rw-p 0003b000 08:01 398134                     /lib/x86_64-linux-gnu/libfuse.so.2.9.7
7f10b97e0000-7f10b97e6000 r-xp 00000000 08:01 915852                     /tmp/.libFUSELink.so
7f10b97e6000-7f10b99e5000 ---p 00006000 08:01 915852                     /tmp/.libFUSELink.so
7f10b99e5000-7f10b99e6000 r--p 00005000 08:01 915852                     /tmp/.libFUSELink.so
7f10b99e6000-7f10b99e7000 rw-p 00006000 08:01 915852                     /tmp/.libFUSELink.so
7f10b99e7000-7f10b99e8000 ---p 00000000 00:00 0 
7f10b99e8000-7f10b9ce9000 rw-p 00000000 00:00 0 
7f10b9ce9000-7f10b9ced000 ---p 00000000 00:00 0 
7f10b9ced000-7f10b9dea000 rw-p 00000000 00:00 0 
7f10b9dea000-7f10b9dfc000 r-xp 00000000 08:01 915851                     /tmp/jffi8914441309746810101.so (deleted)
7f10b9dfc000-7f10b9ffb000 ---p 00012000 08:01 915851                     /tmp/jffi8914441309746810101.so (deleted)
7f10b9ffb000-7f10b9ffc000 rw-p 00011000 08:01 915851                     /tmp/jffi8914441309746810101.so (deleted)
7f10b9ffc000-7f10b9ffe000 r-xp 00000000 08:01 416430                     /home/james/Downloads/idea-IU-192.6817.14/jbr/lib/libextnet.so
7f10b9ffe000-7f10ba1fd000 ---p 00002000 08:01 416430                     /home/james/Downloads/idea-IU-192.6817.14/jbr/lib/libextnet.so
7f10ba1fd000-7f10ba1fe000 r--p 00001000 08:01 416430                     /home/james/Downloads/idea-IU-192.6817.14/jbr/lib/libextnet.so
7f10ba1fe000-7f10ba1ff000 rw-p 00002000 08:01 416430                     /home/james/Downloads/idea-IU-192.6817.14/jbr/lib/libextnet.so
7f10ba1ff000-7f10ba200000 ---p 00000000 00:00 0 
7f10ba200000-7f10ba301000 rw-p 00000000 00:00 0 
7f10ba301000-7f10ba305000 ---p 00000000 00:00 0 
7f10ba305000-7f10ba402000 rw-p 00000000 00:00 0 
7f10ba402000-7f10ba406000 ---p 00000000 00:00 0 
7f10ba406000-7f10ba503000 rw-p 00000000 00:00 0 
7f10ba503000-7f10ba51a000 r-xp 00000000 08:01 416460                     /home/james/Downloads/idea-IU-192.6817.14/jbr/lib/libnet.so
7f10ba51a000-7f10ba719000 ---p 00017000 08:01 416460                     /home/james/Downloads/idea-IU-192.6817.14/jbr/lib/libnet.so
7f10ba719000-7f10ba71a000 r--p 00016000 08:01 416460                     /home/james/Downloads/idea-IU-192.6817.14/jbr/lib/libnet.so
7f10ba71a000-7f10ba71b000 rw-p 00017000 08:01 416460                     /home/james/Downloads/idea-IU-192.6817.14/jbr/lib/libnet.so
7f10ba71b000-7f10ba72b000 r-xp 00000000 08:01 416461                     /home/james/Downloads/idea-IU-192.6817.14/jbr/lib/libnio.so
7f10ba72b000-7f10ba92a000 ---p 00010000 08:01 416461                     /home/james/Downloads/idea-IU-192.6817.14/jbr/lib/libnio.so
7f10ba92a000-7f10ba92b000 r--p 0000f000 08:01 416461                     /home/james/Downloads/idea-IU-192.6817.14/jbr/lib/libnio.so
7f10ba92b000-7f10ba92c000 rw-p 00010000 08:01 416461                     /home/james/Downloads/idea-IU-192.6817.14/jbr/lib/libnio.so
7f10ba92c000-7f10ba930000 ---p 00000000 00:00 0 
7f10ba930000-7f10baa2d000 rw-p 00000000 00:00 0 
7f10baa2d000-7f10baa31000 ---p 00000000 00:00 0 
7f10baa31000-7f10bab2e000 rw-p 00000000 00:00 0 
7f10bab2e000-7f10bab32000 ---p 00000000 00:00 0 
7f10bab32000-7f10bac2f000 rw-p 00000000 00:00 0 
7f10bac2f000-7f10bac33000 ---p 00000000 00:00 0 
7f10bac33000-7f10bad30000 rw-p 00000000 00:00 0 
7f10bad30000-7f10bad34000 ---p 00000000 00:00 0 
7f10bad34000-7f10bae31000 rw-p 00000000 00:00 0 
7f10bae31000-7f10bb800000 r--p 00000000 08:01 137670                     /usr/lib/locale/locale-archive
7f10bb800000-7f10bc000000 rw-p 00000000 00:00 0 
7f10bc000000-7f10bc021000 rw-p 00000000 00:00 0 
7f10bc021000-7f10c0000000 ---p 00000000 00:00 0 
7f10c0000000-7f10c0021000 rw-p 00000000 00:00 0 
7f10c0021000-7f10c4000000 ---p 00000000 00:00 0 
7f10c4000000-7f10c4021000 rw-p 00000000 00:00 0 
7f10c4021000-7f10c8000000 ---p 00000000 00:00 0 
7f10c805a000-7f10c805e000 ---p 00000000 00:00 0 
7f10c805e000-7f10c815b000 rw-p 00000000 00:00 0 
7f10c815b000-7f10c815f000 ---p 00000000 00:00 0 
7f10c815f000-7f10c825c000 rw-p 00000000 00:00 0 
7f10c825c000-7f10c825d000 ---p 00000000 00:00 0 
7f10c825d000-7f10c835e000 rw-p 00000000 00:00 0 
7f10c835e000-7f10c835f000 ---p 00000000 00:00 0 
7f10c835f000-7f10ca740000 rw-p 00000000 00:00 0 
7f10ca740000-7f10cd230000 ---p 00000000 00:00 0 
7f10cd230000-7f10cd510000 rw-p 00000000 00:00 0 
7f10cd510000-7f10d0000000 ---p 00000000 00:00 0 
7f10d0000000-7f10d0021000 rw-p 00000000 00:00 0 
7f10d0021000-7f10d4000000 ---p 00000000 00:00 0 
7f10d4054000-7f10d40d5000 rw-p 00000000 00:00 0 
7f10d40d5000-7f10d40d6000 ---p 00000000 00:00 0 
7f10d40d6000-7f10d43d9000 rw-p 00000000 00:00 0 
7f10d43d9000-7f10d43da000 ---p 00000000 00:00 0 
7f10d43da000-7f10d44db000 rw-p 00000000 00:00 0 
7f10d44db000-7f10d44dc000 ---p 00000000 00:00 0 
7f10d44dc000-7f10d4639000 rw-p 00000000 00:00 0 
7f10d4639000-7f10d4b97000 ---p 00000000 00:00 0 
7f10d4b97000-7f10d4bf3000 rw-p 00000000 00:00 0 
7f10d4bf3000-7f10d5151000 ---p 00000000 00:00 0 
7f10d5151000-7f10d53c1000 rwxp 00000000 00:00 0 
7f10d53c1000-7f10d56e0000 ---p 00000000 00:00 0 
7f10d56e0000-7f10d5950000 rwxp 00000000 00:00 0 
7f10d5950000-7f10dcc18000 ---p 00000000 00:00 0 
7f10dcc18000-7f10dce88000 rwxp 00000000 00:00 0 
7f10dce88000-7f10e4151000 ---p 00000000 00:00 0 
7f10e4151000-7f10e8000000 r--s 00000000 08:01 416473                     /home/james/Downloads/idea-IU-192.6817.14/jbr/lib/modules
7f10e8000000-7f10e85a9000 rw-p 00000000 00:00 0 
7f10e85a9000-7f10ec000000 ---p 00000000 00:00 0 
7f10ec05a000-7f10ec0b6000 rw-p 00000000 00:00 0 
7f10ec0b6000-7f10ec614000 ---p 00000000 00:00 0 
7f10ec614000-7f10ec816000 rw-p 00000000 00:00 0 
7f10ec816000-7f10ec817000 ---p 00000000 00:00 0 
7f10ec817000-7f10ec91d000 rw-p 00000000 00:00 0 
7f10ec91d000-7f10eca03000 ---p 00000000 00:00 0 
7f10eca03000-7f10eca08000 rw-p 00000000 00:00 0 
7f10eca08000-7f10ecaee000 ---p 00000000 00:00 0 
7f10ecaee000-7f10ecaf3000 r-xp 00000000 08:01 416452                     /home/james/Downloads/idea-IU-192.6817.14/jbr/lib/libjimage.so
7f10ecaf3000-7f10eccf3000 ---p 00005000 08:01 416452                     /home/james/Downloads/idea-IU-192.6817.14/jbr/lib/libjimage.so
7f10eccf3000-7f10eccf4000 r--p 00005000 08:01 416452                     /home/james/Downloads/idea-IU-192.6817.14/jbr/lib/libjimage.so
7f10eccf4000-7f10eccf5000 rw-p 00006000 08:01 416452                     /home/james/Downloads/idea-IU-192.6817.14/jbr/lib/libjimage.so
7f10eccf5000-7f10eccfc000 r-xp 00000000 08:01 416472                     /home/james/Downloads/idea-IU-192.6817.14/jbr/lib/libzip.so
7f10eccfc000-7f10ecefb000 ---p 00007000 08:01 416472                     /home/james/Downloads/idea-IU-192.6817.14/jbr/lib/libzip.so
7f10ecefb000-7f10ecefc000 r--p 00006000 08:01 416472                     /home/james/Downloads/idea-IU-192.6817.14/jbr/lib/libzip.so
7f10ecefc000-7f10ecefd000 rw-p 00007000 08:01 416472                     /home/james/Downloads/idea-IU-192.6817.14/jbr/lib/libzip.so
7f10ecefd000-7f10ecf08000 r-xp 00000000 08:01 398188                     /lib/x86_64-linux-gnu/libnss_files-2.27.so
7f10ecf08000-7f10ed107000 ---p 0000b000 08:01 398188                     /lib/x86_64-linux-gnu/libnss_files-2.27.so
7f10ed107000-7f10ed108000 r--p 0000a000 08:01 398188                     /lib/x86_64-linux-gnu/libnss_files-2.27.so
7f10ed108000-7f10ed109000 rw-p 0000b000 08:01 398188                     /lib/x86_64-linux-gnu/libnss_files-2.27.so
7f10ed109000-7f10ed10f000 rw-p 00000000 00:00 0 
7f10ed10f000-7f10ed126000 r-xp 00000000 08:01 398182                     /lib/x86_64-linux-gnu/libnsl-2.27.so
7f10ed126000-7f10ed325000 ---p 00017000 08:01 398182                     /lib/x86_64-linux-gnu/libnsl-2.27.so
7f10ed325000-7f10ed326000 r--p 00016000 08:01 398182                     /lib/x86_64-linux-gnu/libnsl-2.27.so
7f10ed326000-7f10ed327000 rw-p 00017000 08:01 398182                     /lib/x86_64-linux-gnu/libnsl-2.27.so
7f10ed327000-7f10ed329000 rw-p 00000000 00:00 0 
7f10ed329000-7f10ed334000 r-xp 00000000 08:01 398199                     /lib/x86_64-linux-gnu/libnss_nis-2.27.so
7f10ed334000-7f10ed533000 ---p 0000b000 08:01 398199                     /lib/x86_64-linux-gnu/libnss_nis-2.27.so
7f10ed533000-7f10ed534000 r--p 0000a000 08:01 398199                     /lib/x86_64-linux-gnu/libnss_nis-2.27.so
7f10ed534000-7f10ed535000 rw-p 0000b000 08:01 398199                     /lib/x86_64-linux-gnu/libnss_nis-2.27.so
7f10ed535000-7f10ed53d000 r-xp 00000000 08:01 398184                     /lib/x86_64-linux-gnu/libnss_compat-2.27.so
7f10ed53d000-7f10ed73d000 ---p 00008000 08:01 398184                     /lib/x86_64-linux-gnu/libnss_compat-2.27.so
7f10ed73d000-7f10ed73e000 r--p 00008000 08:01 398184                     /lib/x86_64-linux-gnu/libnss_compat-2.27.so
7f10ed73e000-7f10ed73f000 rw-p 00009000 08:01 398184                     /lib/x86_64-linux-gnu/libnss_compat-2.27.so
7f10ed73f000-7f10ed749000 r-xp 00000000 08:01 416437                     /home/james/Downloads/idea-IU-192.6817.14/jbr/lib/libinstrument.so
7f10ed749000-7f10ed948000 ---p 0000a000 08:01 416437                     /home/james/Downloads/idea-IU-192.6817.14/jbr/lib/libinstrument.so
7f10ed948000-7f10ed949000 r--p 00009000 08:01 416437                     /home/james/Downloads/idea-IU-192.6817.14/jbr/lib/libinstrument.so
7f10ed949000-7f10ed94a000 rw-p 0000a000 08:01 416437                     /home/james/Downloads/idea-IU-192.6817.14/jbr/lib/libinstrument.so
7f10ed94a000-7f10ed973000 r-xp 00000000 08:01 416442                     /home/james/Downloads/idea-IU-192.6817.14/jbr/lib/libjava.so
7f10ed973000-7f10edb72000 ---p 00029000 08:01 416442                     /home/james/Downloads/idea-IU-192.6817.14/jbr/lib/libjava.so
7f10edb72000-7f10edb73000 r--p 00028000 08:01 416442                     /home/james/Downloads/idea-IU-192.6817.14/jbr/lib/libjava.so
7f10edb73000-7f10edb75000 rw-p 00029000 08:01 416442                     /home/james/Downloads/idea-IU-192.6817.14/jbr/lib/libjava.so
7f10edb75000-7f10edb82000 r-xp 00000000 08:01 416471                     /home/james/Downloads/idea-IU-192.6817.14/jbr/lib/libverify.so
7f10edb82000-7f10edd81000 ---p 0000d000 08:01 416471                     /home/james/Downloads/idea-IU-192.6817.14/jbr/lib/libverify.so
7f10edd81000-7f10edd83000 r--p 0000c000 08:01 416471                     /home/james/Downloads/idea-IU-192.6817.14/jbr/lib/libverify.so
7f10edd83000-7f10edd84000 rw-p 0000e000 08:01 416471                     /home/james/Downloads/idea-IU-192.6817.14/jbr/lib/libverify.so
7f10edd84000-7f10edd8b000 r-xp 00000000 08:01 398239                     /lib/x86_64-linux-gnu/librt-2.27.so
7f10edd8b000-7f10edf8a000 ---p 00007000 08:01 398239                     /lib/x86_64-linux-gnu/librt-2.27.so
7f10edf8a000-7f10edf8b000 r--p 00006000 08:01 398239                     /lib/x86_64-linux-gnu/librt-2.27.so
7f10edf8b000-7f10edf8c000 rw-p 00007000 08:01 398239                     /lib/x86_64-linux-gnu/librt-2.27.so
7f10edf8c000-7f10edfa3000 r-xp 00000000 08:01 408263                     /lib/x86_64-linux-gnu/libgcc_s.so.1
7f10edfa3000-7f10ee1a2000 ---p 00017000 08:01 408263                     /lib/x86_64-linux-gnu/libgcc_s.so.1
7f10ee1a2000-7f10ee1a3000 r--p 00016000 08:01 408263                     /lib/x86_64-linux-gnu/libgcc_s.so.1
7f10ee1a3000-7f10ee1a4000 rw-p 00017000 08:01 408263                     /lib/x86_64-linux-gnu/libgcc_s.so.1
7f10ee1a4000-7f10ee341000 r-xp 00000000 08:01 398161                     /lib/x86_64-linux-gnu/libm-2.27.so
7f10ee341000-7f10ee540000 ---p 0019d000 08:01 398161                     /lib/x86_64-linux-gnu/libm-2.27.so
7f10ee540000-7f10ee541000 r--p 0019c000 08:01 398161                     /lib/x86_64-linux-gnu/libm-2.27.so
7f10ee541000-7f10ee542000 rw-p 0019d000 08:01 398161                     /lib/x86_64-linux-gnu/libm-2.27.so
7f10ee542000-7f10ee6bb000 r-xp 00000000 08:01 130948                     /usr/lib/x86_64-linux-gnu/libstdc++.so.6.0.25
7f10ee6bb000-7f10ee8bb000 ---p 00179000 08:01 130948                     /usr/lib/x86_64-linux-gnu/libstdc++.so.6.0.25
7f10ee8bb000-7f10ee8c5000 r--p 00179000 08:01 130948                     /usr/lib/x86_64-linux-gnu/libstdc++.so.6.0.25
7f10ee8c5000-7f10ee8c7000 rw-p 00183000 08:01 130948                     /usr/lib/x86_64-linux-gnu/libstdc++.so.6.0.25
7f10ee8c7000-7f10ee8cb000 rw-p 00000000 00:00 0 
7f10ee8cb000-7f10ef974000 r-xp 00000000 08:01 526926                     /home/james/Downloads/idea-IU-192.6817.14/jbr/lib/server/libjvm.so
7f10ef974000-7f10efb74000 ---p 010a9000 08:01 526926                     /home/james/Downloads/idea-IU-192.6817.14/jbr/lib/server/libjvm.so
7f10efb74000-7f10efc42000 r--p 010a9000 08:01 526926                     /home/james/Downloads/idea-IU-192.6817.14/jbr/lib/server/libjvm.so
7f10efc42000-7f10efc7c000 rw-p 01177000 08:01 526926                     /home/james/Downloads/idea-IU-192.6817.14/jbr/lib/server/libjvm.so
7f10efc7c000-7f10efcd5000 rw-p 00000000 00:00 0 
7f10efcd5000-7f10efebc000 r-xp 00000000 08:01 398098                     /lib/x86_64-linux-gnu/libc-2.27.so
7f10efebc000-7f10f00bc000 ---p 001e7000 08:01 398098                     /lib/x86_64-linux-gnu/libc-2.27.so
7f10f00bc000-7f10f00c0000 r--p 001e7000 08:01 398098                     /lib/x86_64-linux-gnu/libc-2.27.so
7f10f00c0000-7f10f00c2000 rw-p 001eb000 08:01 398098                     /lib/x86_64-linux-gnu/libc-2.27.so
7f10f00c2000-7f10f00c6000 rw-p 00000000 00:00 0 
7f10f00c6000-7f10f00c9000 r-xp 00000000 08:01 398121                     /lib/x86_64-linux-gnu/libdl-2.27.so
7f10f00c9000-7f10f02c8000 ---p 00003000 08:01 398121                     /lib/x86_64-linux-gnu/libdl-2.27.so
7f10f02c8000-7f10f02c9000 r--p 00002000 08:01 398121                     /lib/x86_64-linux-gnu/libdl-2.27.so
7f10f02c9000-7f10f02ca000 rw-p 00003000 08:01 398121                     /lib/x86_64-linux-gnu/libdl-2.27.so
7f10f02ca000-7f10f02d9000 r-xp 00000000 08:01 526917                     /home/james/Downloads/idea-IU-192.6817.14/jbr/lib/jli/libjli.so
7f10f02d9000-7f10f04d8000 ---p 0000f000 08:01 526917                     /home/james/Downloads/idea-IU-192.6817.14/jbr/lib/jli/libjli.so
7f10f04d8000-7f10f04d9000 r--p 0000e000 08:01 526917                     /home/james/Downloads/idea-IU-192.6817.14/jbr/lib/jli/libjli.so
7f10f04d9000-7f10f04da000 rw-p 0000f000 08:01 526917                     /home/james/Downloads/idea-IU-192.6817.14/jbr/lib/jli/libjli.so
7f10f04da000-7f10f04f4000 r-xp 00000000 08:01 398231                     /lib/x86_64-linux-gnu/libpthread-2.27.so
7f10f04f4000-7f10f06f3000 ---p 0001a000 08:01 398231                     /lib/x86_64-linux-gnu/libpthread-2.27.so
7f10f06f3000-7f10f06f4000 r--p 00019000 08:01 398231                     /lib/x86_64-linux-gnu/libpthread-2.27.so
7f10f06f4000-7f10f06f5000 rw-p 0001a000 08:01 398231                     /lib/x86_64-linux-gnu/libpthread-2.27.so
7f10f06f5000-7f10f06f9000 rw-p 00000000 00:00 0 
7f10f06f9000-7f10f0715000 r-xp 00000000 08:01 398270                     /lib/x86_64-linux-gnu/libz.so.1.2.11
7f10f0715000-7f10f0914000 ---p 0001c000 08:01 398270                     /lib/x86_64-linux-gnu/libz.so.1.2.11
7f10f0914000-7f10f0915000 r--p 0001b000 08:01 398270                     /lib/x86_64-linux-gnu/libz.so.1.2.11
7f10f0915000-7f10f0916000 rw-p 0001c000 08:01 398270                     /lib/x86_64-linux-gnu/libz.so.1.2.11
7f10f0916000-7f10f093d000 r-xp 00000000 08:01 398070                     /lib/x86_64-linux-gnu/ld-2.27.so
7f10f0940000-7f10f0942000 rw-p 00000000 00:00 0 
7f10f0942000-7f10f095b000 r-xp 00000000 00:00 0 
7f10f095b000-7f10f0a1d000 rw-p 00000000 00:00 0 
7f10f0a1d000-7f10f0a24000 ---p 00000000 00:00 0 
7f10f0a24000-7f10f0a28000 ---p 00000000 00:00 0 
7f10f0a28000-7f10f0b29000 rw-p 00000000 00:00 0 
7f10f0b29000-7f10f0b2a000 r-xp 00000000 00:00 0 
7f10f0b2a000-7f10f0b2c000 r-xp 00000000 00:00 0 
7f10f0b2c000-7f10f0b33000 r--s 00000000 08:01 267279                     /usr/lib/x86_64-linux-gnu/gconv/gconv-modules.cache
7f10f0b33000-7f10f0b3b000 rw-s 00000000 08:01 1578811                    /tmp/hsperfdata_james/3132
7f10f0b3b000-7f10f0b3c000 ---p 00000000 00:00 0 
7f10f0b3c000-7f10f0b3d000 r--p 00000000 00:00 0 
7f10f0b3d000-7f10f0b3e000 r--p 00027000 08:01 398070                     /lib/x86_64-linux-gnu/ld-2.27.so
7f10f0b3e000-7f10f0b3f000 rw-p 00028000 08:01 398070                     /lib/x86_64-linux-gnu/ld-2.27.so
7f10f0b3f000-7f10f0b40000 rw-p 00000000 00:00 0 
7ffcce99e000-7ffcce9c0000 rw-p 00000000 00:00 0                          [stack]
7ffcce9ee000-7ffcce9f1000 r--p 00000000 00:00 0                          [vvar]
7ffcce9f1000-7ffcce9f2000 r-xp 00000000 00:00 0                          [vdso]
ffffffffff600000-ffffffffff601000 r-xp 00000000 00:00 0                  [vsyscall]


VM Arguments:
jvm_args: -javaagent:/home/james/Downloads/idea-IU-192.6817.14/lib/idea_rt.jar=41229:/home/james/Downloads/idea-IU-192.6817.14/bin -Dfile.encoding=UTF-8 
java_command: MemoryFS
java_class_path (initial): /home/james/MemoryFS/target/classes:/home/james/.m2/repository/com/github/lukethompsxn/edufuse/1.0.3/edufuse-1.0.3.jar:/home/james/.m2/repository/com/github/jnr/jnr-ffi/2.1.7/jnr-ffi-2.1.7.jar:/home/james/.m2/repository/com/github/jnr/jffi/1.2.16/jffi-1.2.16.jar:/home/james/.m2/repository/com/github/jnr/jffi/1.2.16/jffi-1.2.16-native.jar:/home/james/.m2/repository/org/ow2/asm/asm/5.0.3/asm-5.0.3.jar:/home/james/.m2/repository/org/ow2/asm/asm-commons/5.0.3/asm-commons-5.0.3.jar:/home/james/.m2/repository/org/ow2/asm/asm-analysis/5.0.3/asm-analysis-5.0.3.jar:/home/james/.m2/repository/org/ow2/asm/asm-tree/5.0.3/asm-tree-5.0.3.jar:/home/james/.m2/repository/org/ow2/asm/asm-util/5.0.3/asm-util-5.0.3.jar:/home/james/.m2/repository/com/github/jnr/jnr-x86asm/1.0.2/jnr-x86asm-1.0.2.jar:/home/james/.m2/repository/com/github/jnr/jnr-posix/3.0.44/jnr-posix-3.0.44.jar:/home/james/.m2/repository/com/github/jnr/jnr-constants/0.9.9/jnr-constants-0.9.9.jar:/home/james/.m2/repository/com/googlecode/json-simple/json-simple/1.1.1/json-simple-1.1.1.jar:/home/james/.m2/repository/junit/junit/4.10/junit-4.10.jar:/home/james/.m2/repository/org/hamcrest/hamcrest-core/1.1/hamcrest-core-1.1.jar
Launcher Type: SUN_STANDARD

[Global flags]
     intx CICompilerCount                          = 2                                         {product} {ergonomic}
     uint ConcGCThreads                            = 1                                         {product} {ergonomic}
     uint G1ConcRefinementThreads                  = 2                                         {product} {ergonomic}
   size_t G1HeapRegionSize                         = 1048576                                   {product} {ergonomic}
    uintx GCDrainStackTargetSize                   = 64                                        {product} {ergonomic}
   size_t InitialHeapSize                          = 192937984                                 {product} {ergonomic}
   size_t MarkStackSize                            = 4194304                                   {product} {ergonomic}
   size_t MaxHeapSize                              = 3074424832                                {product} {ergonomic}
   size_t MaxNewSize                               = 1844445184                                {product} {ergonomic}
   size_t MinHeapDeltaBytes                        = 1048576                                   {product} {ergonomic}
    uintx NonNMethodCodeHeapSize                   = 5824844                                {pd product} {ergonomic}
    uintx NonProfiledCodeHeapSize                  = 122916698                              {pd product} {ergonomic}
    uintx ProfiledCodeHeapSize                     = 122916698                              {pd product} {ergonomic}
    uintx ReservedCodeCacheSize                    = 251658240                              {pd product} {ergonomic}
     bool SegmentedCodeCache                       = true                                      {product} {ergonomic}
     bool UseCompressedClassPointers               = true                                 {lp64_product} {ergonomic}
     bool UseCompressedOops                        = true                                 {lp64_product} {ergonomic}
     bool UseG1GC                                  = true                                      {product} {ergonomic}

Logging:
Log output configuration:
 #0: stdout all=warning uptime,level,tags
 #1: stderr all=off uptime,level,tags

Environment Variables:
PATH=/usr/local/sbin:/usr/local/bin:/usr/sbin:/usr/bin:/sbin:/bin:/usr/games:/usr/local/games:/snap/bin
USERNAME=james
SHELL=/bin/bash
DISPLAY=:0

Signal Handlers:
SIGSEGV: [libjvm.so+0xd98670], sa_mask[0]=11111111011111111101111111111110, sa_flags=SA_RESTART|SA_SIGINFO
SIGBUS: [libjvm.so+0xd98670], sa_mask[0]=11111111011111111101111111111110, sa_flags=SA_RESTART|SA_SIGINFO
SIGFPE: [libjvm.so+0xd98670], sa_mask[0]=11111111011111111101111111111110, sa_flags=SA_RESTART|SA_SIGINFO
SIGPIPE: [libjvm.so+0xb99c10], sa_mask[0]=11111111011111111101111111111110, sa_flags=SA_RESTART|SA_SIGINFO
SIGXFSZ: [libjvm.so+0xb99c10], sa_mask[0]=11111111011111111101111111111110, sa_flags=SA_RESTART|SA_SIGINFO
SIGILL: [libjvm.so+0xd98670], sa_mask[0]=11111111011111111101111111111110, sa_flags=SA_RESTART|SA_SIGINFO
SIGUSR2: [libjvm.so+0xb99ab0], sa_mask[0]=00100000000000000000000000000000, sa_flags=SA_RESTART|SA_SIGINFO
SIGHUP: [libjvm.so+0xb99c60], sa_mask[0]=11111111011111111101111111111110, sa_flags=SA_RESTART|SA_SIGINFO
SIGINT: [libjvm.so+0xb99c60], sa_mask[0]=11111111011111111101111111111110, sa_flags=SA_RESTART|SA_SIGINFO
SIGTERM: [libjvm.so+0xb99c60], sa_mask[0]=11111111011111111101111111111110, sa_flags=SA_RESTART|SA_SIGINFO
SIGQUIT: [libjvm.so+0xb99c60], sa_mask[0]=11111111011111111101111111111110, sa_flags=SA_RESTART|SA_SIGINFO


---------------  S Y S T E M  ---------------

OS:DISTRIB_ID=Ubuntu
DISTRIB_RELEASE=18.04
DISTRIB_CODENAME=bionic
DISTRIB_DESCRIPTION="Ubuntu 18.04.3 LTS"
uname:Linux 5.0.0-29-generic #31~18.04.1-Ubuntu SMP Thu Sep 12 18:29:21 UTC 2019 x86_64
libc:glibc 2.27 NPTL 2.27 
rlimit: STACK 8192k, CORE 0k, NPROC 46703, NOFILE 4096, AS infinity, DATA infinity, FSIZE infinity
load average:2.85 1.91 1.19

/proc/meminfo:
MemTotal:       12003876 kB
MemFree:         5190884 kB
MemAvailable:    8855184 kB
Buffers:          164884 kB
Cached:          3668432 kB
SwapCached:            0 kB
Active:          4191484 kB
Inactive:        2239896 kB
Active(anon):    2599484 kB
Inactive(anon):    57012 kB
Active(file):    1592000 kB
Inactive(file):  2182884 kB
Unevictable:          32 kB
Mlocked:              32 kB
SwapTotal:       1987420 kB
SwapFree:        1987420 kB
Dirty:             69868 kB
Writeback:             0 kB
AnonPages:       2598056 kB
Mapped:           451420 kB
Shmem:             58436 kB
KReclaimable:     208252 kB
Slab:             248164 kB
SReclaimable:     208252 kB
SUnreclaim:        39912 kB
KernelStack:       11852 kB
PageTables:        43472 kB
NFS_Unstable:          0 kB
Bounce:                0 kB
WritebackTmp:          0 kB
CommitLimit:     7989356 kB
Committed_AS:    5910668 kB
VmallocTotal:   34359738367 kB
VmallocUsed:           0 kB
VmallocChunk:          0 kB
Percpu:              632 kB
HardwareCorrupted:     0 kB
AnonHugePages:         0 kB
ShmemHugePages:        0 kB
ShmemPmdMapped:        0 kB
CmaTotal:              0 kB
CmaFree:               0 kB
HugePages_Total:       0
HugePages_Free:        0
HugePages_Rsvd:        0
HugePages_Surp:        0
Hugepagesize:       2048 kB
Hugetlb:               0 kB
DirectMap4k:      147392 kB
DirectMap2M:    12140544 kB


/proc/sys/kernel/threads-max (system-wide limit on the number of threads):
93406


/proc/sys/vm/max_map_count (maximum number of memory map areas a process may have):
65530


/proc/sys/kernel/pid_max (system-wide limit on number of process identifiers):
32768



container (cgroup) information:
container_type: cgroupv1
cpu_cpuset_cpus: 0-1
cpu_memory_nodes: 0
active_processor_count: 2
cpu_quota: -1
cpu_period: 100000
cpu_shares: -1
memory_limit_in_bytes: -1
memory_and_swap_limit_in_bytes: -2
memory_soft_limit_in_bytes: -1
memory_usage_in_bytes: 6585667584
memory_max_usage_in_bytes: 0

Steal ticks since vm start: 0
Steal ticks percentage since vm start:  0.000

CPU:total 2 (initial active 2) (2 cores per cpu, 1 threads per core) family 6 model 94 stepping 3, cmov, cx8, fxsr, mmx, sse, sse2, sse3, ssse3, sse4.1, sse4.2, popcnt, avx, avx2, aes, clmul, 3dnowpref, lzcnt, tsc, tscinvbit
CPU Model and flags from /proc/cpuinfo:
model name	: Intel(R) Core(TM) i7-6700HQ CPU @ 2.60GHz
flags		: fpu vme de pse tsc msr pae mce cx8 apic sep mtrr pge mca cmov pat pse36 clflush mmx fxsr sse sse2 ht syscall nx rdtscp lm constant_tsc rep_good nopl xtopology nonstop_tsc cpuid tsc_known_freq pni pclmulqdq ssse3 cx16 pcid sse4_1 sse4_2 x2apic movbe popcnt aes xsave avx rdrand hypervisor lahf_lm abm 3dnowprefetch invpcid_single pti fsgsbase avx2 invpcid rdseed clflushopt flush_l1d

Memory: 4k page, physical 12003876k(5190884k free), swap 1987420k(1987420k free)

vm_info: OpenJDK 64-Bit Server VM (11.0.4+10-b304.69) for linux-amd64 JRE (11.0.4+10-b304.69), built on Sep  9 2019 08:56:06 by "" with gcc 4.8.5 20150623 (Red Hat 4.8.5-36)

END.
