#
# A fatal error has been detected by the Java Runtime Environment:
#
#  SIGSEGV (0xb) at pc=0x00007fad1af133d7, pid=6621, tid=6624
#
# JRE version: OpenJDK Runtime Environment (11.0.4+10) (build 11.0.4+10-b304.69)
# Java VM: OpenJDK 64-Bit Server VM (11.0.4+10-b304.69, mixed mode, tiered, compressed oops, g1 gc, linux-amd64)
# Problematic frame:
# C  [libc.so.6+0x18e3d7]
#
# Core dump will be written. Default location: Core dumps may be processed with "/usr/share/apport/apport %p %s %c %d %P" (or dumping to /home/james/MemoryFS/core.6621)
#
# If you would like to submit a bug report, please visit:
#   http://bugreport.java.com/bugreport/crash.jsp
# The crash happened outside the Java Virtual Machine in native code.
# See problematic frame for where to report the bug.
#

---------------  S U M M A R Y ------------

Command Line: -javaagent:/home/james/Downloads/idea-IU-192.6817.14/lib/idea_rt.jar=39935:/home/james/Downloads/idea-IU-192.6817.14/bin -Dfile.encoding=UTF-8 MemoryFS

Host: Intel(R) Core(TM) i7-6700HQ CPU @ 2.60GHz, 2 cores, 11G, Ubuntu 18.04.3 LTS
Time: Wed Oct  2 06:50:28 2019 NZDT elapsed time: 3 seconds (0d 0h 0m 3s)

---------------  T H R E A D  ---------------

Current thread (0x00007fad14013800):  JavaThread "main" [_thread_in_native, id=6624, stack(0x00007fad1bad4000,0x00007fad1bbd5000)]

Stack: [0x00007fad1bad4000,0x00007fad1bbd5000],  sp=0x00007fad1bbd2f38,  free space=1019k
Native frames: (J=compiled Java code, A=aot compiled Java code, j=interpreted, Vv=VM code, C=native code)
C  [libc.so.6+0x18e3d7]

Java frames: (J=compiled Java code, j=interpreted, Vv=VM code)
j  com.kenai.jffi.Foreign.invokeN4O1(JJJJJJLjava/lang/Object;III)J+0
j  com.kenai.jffi.Invoker.invokeN4(Lcom/kenai/jffi/CallContext;JJJJJILjava/lang/Object;Lcom/kenai/jffi/ObjectParameterStrategy;Lcom/kenai/jffi/ObjectParameterInfo;Ljava/lang/Object;Lcom/kenai/jffi/ObjectParameterStrategy;Lcom/kenai/jffi/ObjectParameterInfo;)J+100
j  com.github.lukethompsxn.edufuse.util.FUSELink$jnr$ffi$0.edufuse_register(I[Ljava/lang/String;Lcom/github/lukethompsxn/edufuse/struct/FuseOperations;I)I+189
j  com.github.lukethompsxn.edufuse.filesystem.AbstractFS.mount([Ljava/lang/String;Z)V+146
j  MemoryFS.main([Ljava/lang/String;)V+11
v  ~StubRoutines::call_stub

siginfo: si_signo: 11 (SIGSEGV), si_code: 1 (SEGV_MAPERR), si_addr: 0x0000000000000000

Register to memory mapping:

RAX=0x00007fad1b9f0000 points into unknown readable memory: 00 00 00 00 00 00 00 00
RBX=0x00007fad1bbd3050 is pointing into the stack for thread: 0x00007fad14013800
RCX=0x0 is NULL
RDX=0x00007fad1b9f0000 points into unknown readable memory: 00 00 00 00 00 00 00 00
RSP=0x00007fad1bbd2f38 is pointing into the stack for thread: 0x00007fad14013800
RBP=0x00007fad1bbd2fbc is pointing into the stack for thread: 0x00007fad14013800
RSI=0x000000000000002f is an unknown value
RDI=0x0 is NULL
R8 =0x00007facec6d6d30: <offset 0x0000000000019d30> in /lib/x86_64-linux-gnu/libfuse.so.2 at 0x00007facec6bd000
R9 =0x00007fad1bbd304c is pointing into the stack for thread: 0x00007fad14013800
R10=0x0000000000000010 is an unknown value
R11=0x00007facec6d74a0: fuse_main_real+0x0000000000000000 in /lib/x86_64-linux-gnu/libfuse.so.2 at 0x00007facec6bd000
R12=0x00007fad1bbd304c is pointing into the stack for thread: 0x00007fad14013800
R13=0x00007fad1bbd2fc0 is pointing into the stack for thread: 0x00007fad14013800
R14=0x0000000000000168 is an unknown value
R15=0x0 is NULL


Registers:
RAX=0x00007fad1b9f0000, RBX=0x00007fad1bbd3050, RCX=0x0000000000000000, RDX=0x00007fad1b9f0000
RSP=0x00007fad1bbd2f38, RBP=0x00007fad1bbd2fbc, RSI=0x000000000000002f, RDI=0x0000000000000000
R8 =0x00007facec6d6d30, R9 =0x00007fad1bbd304c, R10=0x0000000000000010, R11=0x00007facec6d74a0
R12=0x00007fad1bbd304c, R13=0x00007fad1bbd2fc0, R14=0x0000000000000168, R15=0x0000000000000000
RIP=0x00007fad1af133d7, EFLAGS=0x0000000000010283, CSGSFS=0x002b000000000033, ERR=0x0000000000000004
  TRAPNO=0x000000000000000e

Top of Stack: (sp=0x00007fad1bbd2f38)
0x00007fad1bbd2f38:   00007facec6d6ef4 0000000000000000
0x00007fad1bbd2f48:   0000000000000000 0000000000000000
0x00007fad1bbd2f58:   651bafeaa729b600 0000000000000000
0x00007fad1bbd2f68:   00007fad1bbd2fc0 00007fad1bbd3150 

Instructions: (pc=0x00007fad1af133d7)
0x00007fad1af132d7:   85 c0 0f 85 cf 00 00 00 48 81 c7 80 00 00 00 48
0x00007fad1af132e7:   89 f9 83 e1 7f 48 83 e7 80 c5 fd 6f 2f c5 fd 6f
0x00007fad1af132f7:   77 20 c5 fd 6f 7f 40 c5 7d 6f 47 60 c5 fd 74 cd
0x00007fad1af13307:   c5 fd 74 d6 c5 fd 74 df c4 c1 7d 74 e0 c5 b5 74
0x00007fad1af13317:   ed c5 b5 74 f6 c5 b5 74 ff c4 41 35 74 c0 c5 d5
0x00007fad1af13327:   eb c9 c5 cd eb d2 c5 c5 eb db c5 bd eb e4 c5 ed
0x00007fad1af13337:   eb e9 c5 dd eb f3 c5 cd eb ed c5 fd d7 c5 85 c0
0x00007fad1af13347:   75 47 48 81 c7 80 00 00 00 eb 9e 0f 1f 40 00 66
0x00007fad1af13357:   2e 0f 1f 84 00 00 00 00 00 f3 0f bc c0 48 01 f8
0x00007fad1af13367:   c5 f8 77 c3 0f 1f 44 00 00 f3 0f bc c0 48 83 c0
0x00007fad1af13377:   20 48 01 f8 c5 f8 77 c3 90 f3 0f bc c0 48 83 c0
0x00007fad1af13387:   40 48 01 f8 c5 f8 77 c3 90 c5 fd d7 c1 85 c0 75
0x00007fad1af13397:   c8 c5 fd d7 c2 85 c0 75 d0 c5 fd d7 c3 85 c0 75
0x00007fad1af133a7:   d8 c5 fd d7 c4 85 c0 f3 0f bc c0 48 83 c0 60 48
0x00007fad1af133b7:   01 f8 c5 f8 77 c3 0f 1f 00 66 0f 6e e6 89 f9 c4
0x00007fad1af133c7:   e2 7d 78 e4 c5 fd ef c0 83 e1 3f 83 f9 20 77 59
0x00007fad1af133d7:   c5 fe 6f 0f c5 fd 74 d1 c5 dd 74 d9 c5 fd d7 ca
0x00007fad1af133e7:   c5 fd d7 c3 48 83 c7 20 85 c0 75 1d 85 c9 0f 85
0x00007fad1af133f7:   85 01 00 00 48 83 e7 e0 31 d2 eb 7d 0f 1f 00 66
0x00007fad1af13407:   2e 0f 1f 84 00 00 00 00 00 85 c9 0f 85 3d 01 00
0x00007fad1af13417:   00 89 c2 48 89 fe 48 83 e7 e0 eb 5d 0f 1f 00 66
0x00007fad1af13427:   2e 0f 1f 84 00 00 00 00 00 83 e1 1f 48 83 e7 e0
0x00007fad1af13437:   c5 fd 6f 0f c5 fd 74 d1 c5 dd 74 d9 c5 fd d7 d2
0x00007fad1af13447:   c5 fd d7 c3 d3 ea d3 e8 48 83 c7 20 85 c0 75 19
0x00007fad1af13457:   85 d2 0f 85 21 01 00 00 eb 1f 0f 1f 44 00 00 66
0x00007fad1af13467:   2e 0f 1f 84 00 00 00 00 00 85 d2 0f 85 d8 00 00
0x00007fad1af13477:   00 89 c2 48 8d 34 0f 66 90 c5 fd 6f 0f c5 fd 74
0x00007fad1af13487:   d1 48 83 c7 20 c5 dd 74 d9 c5 fd d7 ca c5 fd d7
0x00007fad1af13497:   c3 09 c1 75 54 c5 fd 6f 0f c5 fd 74 d1 48 83 c7
0x00007fad1af134a7:   20 c5 dd 74 d9 c5 fd d7 ca c5 fd d7 c3 09 c1 75
0x00007fad1af134b7:   38 c5 fd 6f 0f c5 fd 74 d1 48 83 c7 20 c5 dd 74
0x00007fad1af134c7:   d9 c5 fd d7 ca c5 fd d7 c3 09 c1 75 1c c5 fd 6f 


Stack slot to memory mapping:
stack at sp + 0 slots: 0x00007facec6d6ef4: fuse_parse_cmdline+0x00000000000000d4 in /lib/x86_64-linux-gnu/libfuse.so.2 at 0x00007facec6bd000
stack at sp + 1 slots: 0x0 is NULL
stack at sp + 2 slots: 0x0 is NULL
stack at sp + 3 slots: 0x0 is NULL
stack at sp + 4 slots: 0x651bafeaa729b600 is an unknown value
stack at sp + 5 slots: 0x0 is NULL
stack at sp + 6 slots: 0x00007fad1bbd2fc0 is pointing into the stack for thread: 0x00007fad14013800
stack at sp + 7 slots: 0x00007fad1bbd3150 is pointing into the stack for thread: 0x00007fad14013800


---------------  P R O C E S S  ---------------

Threads class SMR info:
_java_thread_list=0x00007fad14541ed0, length=12, elements={
0x00007fad14013800, 0x00007fad141ed800, 0x00007fad141f1800, 0x00007fad14204800,
0x00007fad14206800, 0x00007fad14208800, 0x00007fad1420a800, 0x00007fad14261000,
0x00007fad14399000, 0x00007fad1439c000, 0x00007faccc001000, 0x00007fad14540800
}

Java Threads: ( => current thread )
=>0x00007fad14013800 JavaThread "main" [_thread_in_native, id=6624, stack(0x00007fad1bad4000,0x00007fad1bbd5000)]
  0x00007fad141ed800 JavaThread "Reference Handler" daemon [_thread_blocked, id=6638, stack(0x00007facf49e1000,0x00007facf4ae2000)]
  0x00007fad141f1800 JavaThread "Finalizer" daemon [_thread_blocked, id=6639, stack(0x00007facf48e0000,0x00007facf49e1000)]
  0x00007fad14204800 JavaThread "Signal Dispatcher" daemon [_thread_blocked, id=6644, stack(0x00007facf47df000,0x00007facf48e0000)]
  0x00007fad14206800 JavaThread "C2 CompilerThread0" daemon [_thread_blocked, id=6645, stack(0x00007facf46de000,0x00007facf47df000)]
  0x00007fad14208800 JavaThread "C1 CompilerThread0" daemon [_thread_blocked, id=6646, stack(0x00007facf45dd000,0x00007facf46de000)]
  0x00007fad1420a800 JavaThread "Sweeper thread" daemon [_thread_blocked, id=6647, stack(0x00007facf44dc000,0x00007facf45dd000)]
  0x00007fad14261000 JavaThread "Common-Cleaner" daemon [_thread_blocked, id=6655, stack(0x00007facf43db000,0x00007facf44dc000)]
  0x00007fad14399000 JavaThread "Monitor Ctrl-Break" daemon [_thread_in_native, id=6656, stack(0x00007facf40c9000,0x00007facf41ca000)]
  0x00007fad1439c000 JavaThread "Service Thread" daemon [_thread_blocked, id=6657, stack(0x00007faced318000,0x00007faced419000)]
  0x00007faccc001000 JavaThread "Attach Listener" daemon [_thread_blocked, id=6659, stack(0x00007facecf12000,0x00007faced013000)]
  0x00007fad14540800 JavaThread "jnr.ffi.util.ref.internal.Finalizer" daemon [_thread_blocked, id=6662, stack(0x00007facec2ba000,0x00007facec3bb000)]

Other Threads:
  0x00007fad141e5000 VMThread "VM Thread" [stack: 0x00007facf4ae4000,0x00007facf4be4000] [id=6636]
  0x00007fad1439d800 WatcherThread [stack: 0x00007faced218000,0x00007faced318000] [id=6658]
  0x00007fad14029800 GCTaskThread "GC Thread#0" [stack: 0x00007fad00945000,0x00007fad00a45000] [id=6627]
  0x00007face0001000 GCTaskThread "GC Thread#1" [stack: 0x00007facec3bd000,0x00007facec4bd000] [id=6661]
  0x00007fad1406f800 ConcurrentGCThread "G1 Main Marker" [stack: 0x00007fad00087000,0x00007fad00187000] [id=6629]
  0x00007fad14071800 ConcurrentGCThread "G1 Conc#0" [stack: 0x00007facf57ec000,0x00007facf58ec000] [id=6630]
  0x00007fad14118000 ConcurrentGCThread "G1 Refine#0" [stack: 0x00007facf54e8000,0x00007facf55e8000] [id=6632]
  0x00007fad1411a000 ConcurrentGCThread "G1 Young RemSet Sampling" [stack: 0x00007facf53e6000,0x00007facf54e6000] [id=6633]

Threads with active compile tasks:

VM state:not at safepoint (normal execution)

VM Mutex/Monitor currently owned by a thread: None

Heap address: 0x0000000748c00000, size: 2932 MB, Compressed Oops mode: Zero based, Oop shift amount: 3
Narrow klass base: 0x0000000800000000, Narrow klass shift: 0
Compressed class space size: 1073741824 Address: 0x0000000800000000

Heap:
 garbage-first heap   total 188416K, used 6396K [0x0000000748c00000, 0x0000000800000000)
  region size 1024K, 7 young (7168K), 2 survivors (2048K)
 Metaspace       used 12962K, capacity 13261K, committed 13440K, reserved 1060864K
  class space    used 1283K, capacity 1391K, committed 1408K, reserved 1048576K
Heap Regions: E=young(eden), S=young(survivor), O=old, HS=humongous(starts), HC=humongous(continues), CS=collection set, F=free, A=archive, TAMS=top-at-mark-start (previous, next)
|   0|0x0000000748c00000, 0x0000000748c3f000, 0x0000000748d00000| 24%| O|  |TAMS 0x0000000748c00000, 0x0000000748c00000| Untracked 
|   1|0x0000000748d00000, 0x0000000748d00000, 0x0000000748e00000|  0%| F|  |TAMS 0x0000000748d00000, 0x0000000748d00000| Untracked 
|   2|0x0000000748e00000, 0x0000000748e00000, 0x0000000748f00000|  0%| F|  |TAMS 0x0000000748e00000, 0x0000000748e00000| Untracked 
|   3|0x0000000748f00000, 0x0000000748f00000, 0x0000000749000000|  0%| F|  |TAMS 0x0000000748f00000, 0x0000000748f00000| Untracked 
|   4|0x0000000749000000, 0x0000000749000000, 0x0000000749100000|  0%| F|  |TAMS 0x0000000749000000, 0x0000000749000000| Untracked 
|   5|0x0000000749100000, 0x0000000749100000, 0x0000000749200000|  0%| F|  |TAMS 0x0000000749100000, 0x0000000749100000| Untracked 
|   6|0x0000000749200000, 0x0000000749200000, 0x0000000749300000|  0%| F|  |TAMS 0x0000000749200000, 0x0000000749200000| Untracked 
|   7|0x0000000749300000, 0x0000000749300000, 0x0000000749400000|  0%| F|  |TAMS 0x0000000749300000, 0x0000000749300000| Untracked 
|   8|0x0000000749400000, 0x0000000749400000, 0x0000000749500000|  0%| F|  |TAMS 0x0000000749400000, 0x0000000749400000| Untracked 
|   9|0x0000000749500000, 0x0000000749500000, 0x0000000749600000|  0%| F|  |TAMS 0x0000000749500000, 0x0000000749500000| Untracked 
|  10|0x0000000749600000, 0x0000000749600000, 0x0000000749700000|  0%| F|  |TAMS 0x0000000749600000, 0x0000000749600000| Untracked 
|  11|0x0000000749700000, 0x0000000749700000, 0x0000000749800000|  0%| F|  |TAMS 0x0000000749700000, 0x0000000749700000| Untracked 
|  12|0x0000000749800000, 0x0000000749800000, 0x0000000749900000|  0%| F|  |TAMS 0x0000000749800000, 0x0000000749800000| Untracked 
|  13|0x0000000749900000, 0x0000000749900000, 0x0000000749a00000|  0%| F|  |TAMS 0x0000000749900000, 0x0000000749900000| Untracked 
|  14|0x0000000749a00000, 0x0000000749a00000, 0x0000000749b00000|  0%| F|  |TAMS 0x0000000749a00000, 0x0000000749a00000| Untracked 
|  15|0x0000000749b00000, 0x0000000749b00000, 0x0000000749c00000|  0%| F|  |TAMS 0x0000000749b00000, 0x0000000749b00000| Untracked 
|  16|0x0000000749c00000, 0x0000000749c00000, 0x0000000749d00000|  0%| F|  |TAMS 0x0000000749c00000, 0x0000000749c00000| Untracked 
|  17|0x0000000749d00000, 0x0000000749d00000, 0x0000000749e00000|  0%| F|  |TAMS 0x0000000749d00000, 0x0000000749d00000| Untracked 
|  18|0x0000000749e00000, 0x0000000749e00000, 0x0000000749f00000|  0%| F|  |TAMS 0x0000000749e00000, 0x0000000749e00000| Untracked 
|  19|0x0000000749f00000, 0x0000000749f00000, 0x000000074a000000|  0%| F|  |TAMS 0x0000000749f00000, 0x0000000749f00000| Untracked 
|  20|0x000000074a000000, 0x000000074a000000, 0x000000074a100000|  0%| F|  |TAMS 0x000000074a000000, 0x000000074a000000| Untracked 
|  21|0x000000074a100000, 0x000000074a100000, 0x000000074a200000|  0%| F|  |TAMS 0x000000074a100000, 0x000000074a100000| Untracked 
|  22|0x000000074a200000, 0x000000074a200000, 0x000000074a300000|  0%| F|  |TAMS 0x000000074a200000, 0x000000074a200000| Untracked 
|  23|0x000000074a300000, 0x000000074a300000, 0x000000074a400000|  0%| F|  |TAMS 0x000000074a300000, 0x000000074a300000| Untracked 
|  24|0x000000074a400000, 0x000000074a400000, 0x000000074a500000|  0%| F|  |TAMS 0x000000074a400000, 0x000000074a400000| Untracked 
|  25|0x000000074a500000, 0x000000074a500000, 0x000000074a600000|  0%| F|  |TAMS 0x000000074a500000, 0x000000074a500000| Untracked 
|  26|0x000000074a600000, 0x000000074a600000, 0x000000074a700000|  0%| F|  |TAMS 0x000000074a600000, 0x000000074a600000| Untracked 
|  27|0x000000074a700000, 0x000000074a700000, 0x000000074a800000|  0%| F|  |TAMS 0x000000074a700000, 0x000000074a700000| Untracked 
|  28|0x000000074a800000, 0x000000074a800000, 0x000000074a900000|  0%| F|  |TAMS 0x000000074a800000, 0x000000074a800000| Untracked 
|  29|0x000000074a900000, 0x000000074a900000, 0x000000074aa00000|  0%| F|  |TAMS 0x000000074a900000, 0x000000074a900000| Untracked 
|  30|0x000000074aa00000, 0x000000074aa00000, 0x000000074ab00000|  0%| F|  |TAMS 0x000000074aa00000, 0x000000074aa00000| Untracked 
|  31|0x000000074ab00000, 0x000000074ab00000, 0x000000074ac00000|  0%| F|  |TAMS 0x000000074ab00000, 0x000000074ab00000| Untracked 
|  32|0x000000074ac00000, 0x000000074ac00000, 0x000000074ad00000|  0%| F|  |TAMS 0x000000074ac00000, 0x000000074ac00000| Untracked 
|  33|0x000000074ad00000, 0x000000074ad00000, 0x000000074ae00000|  0%| F|  |TAMS 0x000000074ad00000, 0x000000074ad00000| Untracked 
|  34|0x000000074ae00000, 0x000000074ae00000, 0x000000074af00000|  0%| F|  |TAMS 0x000000074ae00000, 0x000000074ae00000| Untracked 
|  35|0x000000074af00000, 0x000000074af00000, 0x000000074b000000|  0%| F|  |TAMS 0x000000074af00000, 0x000000074af00000| Untracked 
|  36|0x000000074b000000, 0x000000074b000000, 0x000000074b100000|  0%| F|  |TAMS 0x000000074b000000, 0x000000074b000000| Untracked 
|  37|0x000000074b100000, 0x000000074b100000, 0x000000074b200000|  0%| F|  |TAMS 0x000000074b100000, 0x000000074b100000| Untracked 
|  38|0x000000074b200000, 0x000000074b200000, 0x000000074b300000|  0%| F|  |TAMS 0x000000074b200000, 0x000000074b200000| Untracked 
|  39|0x000000074b300000, 0x000000074b300000, 0x000000074b400000|  0%| F|  |TAMS 0x000000074b300000, 0x000000074b300000| Untracked 
|  40|0x000000074b400000, 0x000000074b400000, 0x000000074b500000|  0%| F|  |TAMS 0x000000074b400000, 0x000000074b400000| Untracked 
|  41|0x000000074b500000, 0x000000074b500000, 0x000000074b600000|  0%| F|  |TAMS 0x000000074b500000, 0x000000074b500000| Untracked 
|  42|0x000000074b600000, 0x000000074b600000, 0x000000074b700000|  0%| F|  |TAMS 0x000000074b600000, 0x000000074b600000| Untracked 
|  43|0x000000074b700000, 0x000000074b700000, 0x000000074b800000|  0%| F|  |TAMS 0x000000074b700000, 0x000000074b700000| Untracked 
|  44|0x000000074b800000, 0x000000074b800000, 0x000000074b900000|  0%| F|  |TAMS 0x000000074b800000, 0x000000074b800000| Untracked 
|  45|0x000000074b900000, 0x000000074b900000, 0x000000074ba00000|  0%| F|  |TAMS 0x000000074b900000, 0x000000074b900000| Untracked 
|  46|0x000000074ba00000, 0x000000074ba00000, 0x000000074bb00000|  0%| F|  |TAMS 0x000000074ba00000, 0x000000074ba00000| Untracked 
|  47|0x000000074bb00000, 0x000000074bb00000, 0x000000074bc00000|  0%| F|  |TAMS 0x000000074bb00000, 0x000000074bb00000| Untracked 
|  48|0x000000074bc00000, 0x000000074bc00000, 0x000000074bd00000|  0%| F|  |TAMS 0x000000074bc00000, 0x000000074bc00000| Untracked 
|  49|0x000000074bd00000, 0x000000074bd00000, 0x000000074be00000|  0%| F|  |TAMS 0x000000074bd00000, 0x000000074bd00000| Untracked 
|  50|0x000000074be00000, 0x000000074be00000, 0x000000074bf00000|  0%| F|  |TAMS 0x000000074be00000, 0x000000074be00000| Untracked 
|  51|0x000000074bf00000, 0x000000074bf00000, 0x000000074c000000|  0%| F|  |TAMS 0x000000074bf00000, 0x000000074bf00000| Untracked 
|  52|0x000000074c000000, 0x000000074c000000, 0x000000074c100000|  0%| F|  |TAMS 0x000000074c000000, 0x000000074c000000| Untracked 
|  53|0x000000074c100000, 0x000000074c100000, 0x000000074c200000|  0%| F|  |TAMS 0x000000074c100000, 0x000000074c100000| Untracked 
|  54|0x000000074c200000, 0x000000074c200000, 0x000000074c300000|  0%| F|  |TAMS 0x000000074c200000, 0x000000074c200000| Untracked 
|  55|0x000000074c300000, 0x000000074c300000, 0x000000074c400000|  0%| F|  |TAMS 0x000000074c300000, 0x000000074c300000| Untracked 
|  56|0x000000074c400000, 0x000000074c400000, 0x000000074c500000|  0%| F|  |TAMS 0x000000074c400000, 0x000000074c400000| Untracked 
|  57|0x000000074c500000, 0x000000074c500000, 0x000000074c600000|  0%| F|  |TAMS 0x000000074c500000, 0x000000074c500000| Untracked 
|  58|0x000000074c600000, 0x000000074c600000, 0x000000074c700000|  0%| F|  |TAMS 0x000000074c600000, 0x000000074c600000| Untracked 
|  59|0x000000074c700000, 0x000000074c700000, 0x000000074c800000|  0%| F|  |TAMS 0x000000074c700000, 0x000000074c700000| Untracked 
|  60|0x000000074c800000, 0x000000074c800000, 0x000000074c900000|  0%| F|  |TAMS 0x000000074c800000, 0x000000074c800000| Untracked 
|  61|0x000000074c900000, 0x000000074c900000, 0x000000074ca00000|  0%| F|  |TAMS 0x000000074c900000, 0x000000074c900000| Untracked 
|  62|0x000000074ca00000, 0x000000074ca00000, 0x000000074cb00000|  0%| F|  |TAMS 0x000000074ca00000, 0x000000074ca00000| Untracked 
|  63|0x000000074cb00000, 0x000000074cb00000, 0x000000074cc00000|  0%| F|  |TAMS 0x000000074cb00000, 0x000000074cb00000| Untracked 
|  64|0x000000074cc00000, 0x000000074cc00000, 0x000000074cd00000|  0%| F|  |TAMS 0x000000074cc00000, 0x000000074cc00000| Untracked 
|  65|0x000000074cd00000, 0x000000074cd00000, 0x000000074ce00000|  0%| F|  |TAMS 0x000000074cd00000, 0x000000074cd00000| Untracked 
|  66|0x000000074ce00000, 0x000000074ce00000, 0x000000074cf00000|  0%| F|  |TAMS 0x000000074ce00000, 0x000000074ce00000| Untracked 
|  67|0x000000074cf00000, 0x000000074cf00000, 0x000000074d000000|  0%| F|  |TAMS 0x000000074cf00000, 0x000000074cf00000| Untracked 
|  68|0x000000074d000000, 0x000000074d000000, 0x000000074d100000|  0%| F|  |TAMS 0x000000074d000000, 0x000000074d000000| Untracked 
|  69|0x000000074d100000, 0x000000074d100000, 0x000000074d200000|  0%| F|  |TAMS 0x000000074d100000, 0x000000074d100000| Untracked 
|  70|0x000000074d200000, 0x000000074d200000, 0x000000074d300000|  0%| F|  |TAMS 0x000000074d200000, 0x000000074d200000| Untracked 
|  71|0x000000074d300000, 0x000000074d300000, 0x000000074d400000|  0%| F|  |TAMS 0x000000074d300000, 0x000000074d300000| Untracked 
|  72|0x000000074d400000, 0x000000074d400000, 0x000000074d500000|  0%| F|  |TAMS 0x000000074d400000, 0x000000074d400000| Untracked 
|  73|0x000000074d500000, 0x000000074d500000, 0x000000074d600000|  0%| F|  |TAMS 0x000000074d500000, 0x000000074d500000| Untracked 
|  74|0x000000074d600000, 0x000000074d600000, 0x000000074d700000|  0%| F|  |TAMS 0x000000074d600000, 0x000000074d600000| Untracked 
|  75|0x000000074d700000, 0x000000074d700000, 0x000000074d800000|  0%| F|  |TAMS 0x000000074d700000, 0x000000074d700000| Untracked 
|  76|0x000000074d800000, 0x000000074d800000, 0x000000074d900000|  0%| F|  |TAMS 0x000000074d800000, 0x000000074d800000| Untracked 
|  77|0x000000074d900000, 0x000000074d900000, 0x000000074da00000|  0%| F|  |TAMS 0x000000074d900000, 0x000000074d900000| Untracked 
|  78|0x000000074da00000, 0x000000074da00000, 0x000000074db00000|  0%| F|  |TAMS 0x000000074da00000, 0x000000074da00000| Untracked 
|  79|0x000000074db00000, 0x000000074db00000, 0x000000074dc00000|  0%| F|  |TAMS 0x000000074db00000, 0x000000074db00000| Untracked 
|  80|0x000000074dc00000, 0x000000074dc00000, 0x000000074dd00000|  0%| F|  |TAMS 0x000000074dc00000, 0x000000074dc00000| Untracked 
|  81|0x000000074dd00000, 0x000000074dd00000, 0x000000074de00000|  0%| F|  |TAMS 0x000000074dd00000, 0x000000074dd00000| Untracked 
|  82|0x000000074de00000, 0x000000074de00000, 0x000000074df00000|  0%| F|  |TAMS 0x000000074de00000, 0x000000074de00000| Untracked 
|  83|0x000000074df00000, 0x000000074df00000, 0x000000074e000000|  0%| F|  |TAMS 0x000000074df00000, 0x000000074df00000| Untracked 
|  84|0x000000074e000000, 0x000000074e000000, 0x000000074e100000|  0%| F|  |TAMS 0x000000074e000000, 0x000000074e000000| Untracked 
|  85|0x000000074e100000, 0x000000074e100000, 0x000000074e200000|  0%| F|  |TAMS 0x000000074e100000, 0x000000074e100000| Untracked 
|  86|0x000000074e200000, 0x000000074e200000, 0x000000074e300000|  0%| F|  |TAMS 0x000000074e200000, 0x000000074e200000| Untracked 
|  87|0x000000074e300000, 0x000000074e300000, 0x000000074e400000|  0%| F|  |TAMS 0x000000074e300000, 0x000000074e300000| Untracked 
|  88|0x000000074e400000, 0x000000074e400000, 0x000000074e500000|  0%| F|  |TAMS 0x000000074e400000, 0x000000074e400000| Untracked 
|  89|0x000000074e500000, 0x000000074e500000, 0x000000074e600000|  0%| F|  |TAMS 0x000000074e500000, 0x000000074e500000| Untracked 
|  90|0x000000074e600000, 0x000000074e600000, 0x000000074e700000|  0%| F|  |TAMS 0x000000074e600000, 0x000000074e600000| Untracked 
|  91|0x000000074e700000, 0x000000074e700000, 0x000000074e800000|  0%| F|  |TAMS 0x000000074e700000, 0x000000074e700000| Untracked 
|  92|0x000000074e800000, 0x000000074e800000, 0x000000074e900000|  0%| F|  |TAMS 0x000000074e800000, 0x000000074e800000| Untracked 
|  93|0x000000074e900000, 0x000000074e900000, 0x000000074ea00000|  0%| F|  |TAMS 0x000000074e900000, 0x000000074e900000| Untracked 
|  94|0x000000074ea00000, 0x000000074ea00000, 0x000000074eb00000|  0%| F|  |TAMS 0x000000074ea00000, 0x000000074ea00000| Untracked 
|  95|0x000000074eb00000, 0x000000074eb00000, 0x000000074ec00000|  0%| F|  |TAMS 0x000000074eb00000, 0x000000074eb00000| Untracked 
|  96|0x000000074ec00000, 0x000000074ec00000, 0x000000074ed00000|  0%| F|  |TAMS 0x000000074ec00000, 0x000000074ec00000| Untracked 
|  97|0x000000074ed00000, 0x000000074ed00000, 0x000000074ee00000|  0%| F|  |TAMS 0x000000074ed00000, 0x000000074ed00000| Untracked 
|  98|0x000000074ee00000, 0x000000074ee00000, 0x000000074ef00000|  0%| F|  |TAMS 0x000000074ee00000, 0x000000074ee00000| Untracked 
|  99|0x000000074ef00000, 0x000000074ef00000, 0x000000074f000000|  0%| F|  |TAMS 0x000000074ef00000, 0x000000074ef00000| Untracked 
| 100|0x000000074f000000, 0x000000074f000000, 0x000000074f100000|  0%| F|  |TAMS 0x000000074f000000, 0x000000074f000000| Untracked 
| 101|0x000000074f100000, 0x000000074f100000, 0x000000074f200000|  0%| F|  |TAMS 0x000000074f100000, 0x000000074f100000| Untracked 
| 102|0x000000074f200000, 0x000000074f200000, 0x000000074f300000|  0%| F|  |TAMS 0x000000074f200000, 0x000000074f200000| Untracked 
| 103|0x000000074f300000, 0x000000074f300000, 0x000000074f400000|  0%| F|  |TAMS 0x000000074f300000, 0x000000074f300000| Untracked 
| 104|0x000000074f400000, 0x000000074f400000, 0x000000074f500000|  0%| F|  |TAMS 0x000000074f400000, 0x000000074f400000| Untracked 
| 105|0x000000074f500000, 0x000000074f500000, 0x000000074f600000|  0%| F|  |TAMS 0x000000074f500000, 0x000000074f500000| Untracked 
| 106|0x000000074f600000, 0x000000074f600000, 0x000000074f700000|  0%| F|  |TAMS 0x000000074f600000, 0x000000074f600000| Untracked 
| 107|0x000000074f700000, 0x000000074f700000, 0x000000074f800000|  0%| F|  |TAMS 0x000000074f700000, 0x000000074f700000| Untracked 
| 108|0x000000074f800000, 0x000000074f800000, 0x000000074f900000|  0%| F|  |TAMS 0x000000074f800000, 0x000000074f800000| Untracked 
| 109|0x000000074f900000, 0x000000074f900000, 0x000000074fa00000|  0%| F|  |TAMS 0x000000074f900000, 0x000000074f900000| Untracked 
| 110|0x000000074fa00000, 0x000000074fa00000, 0x000000074fb00000|  0%| F|  |TAMS 0x000000074fa00000, 0x000000074fa00000| Untracked 
| 111|0x000000074fb00000, 0x000000074fb00000, 0x000000074fc00000|  0%| F|  |TAMS 0x000000074fb00000, 0x000000074fb00000| Untracked 
| 112|0x000000074fc00000, 0x000000074fc00000, 0x000000074fd00000|  0%| F|  |TAMS 0x000000074fc00000, 0x000000074fc00000| Untracked 
| 113|0x000000074fd00000, 0x000000074fd00000, 0x000000074fe00000|  0%| F|  |TAMS 0x000000074fd00000, 0x000000074fd00000| Untracked 
| 114|0x000000074fe00000, 0x000000074fe00000, 0x000000074ff00000|  0%| F|  |TAMS 0x000000074fe00000, 0x000000074fe00000| Untracked 
| 115|0x000000074ff00000, 0x000000074ff00000, 0x0000000750000000|  0%| F|  |TAMS 0x000000074ff00000, 0x000000074ff00000| Untracked 
| 116|0x0000000750000000, 0x0000000750000000, 0x0000000750100000|  0%| F|  |TAMS 0x0000000750000000, 0x0000000750000000| Untracked 
| 117|0x0000000750100000, 0x0000000750100000, 0x0000000750200000|  0%| F|  |TAMS 0x0000000750100000, 0x0000000750100000| Untracked 
| 118|0x0000000750200000, 0x0000000750200000, 0x0000000750300000|  0%| F|  |TAMS 0x0000000750200000, 0x0000000750200000| Untracked 
| 119|0x0000000750300000, 0x0000000750300000, 0x0000000750400000|  0%| F|  |TAMS 0x0000000750300000, 0x0000000750300000| Untracked 
| 120|0x0000000750400000, 0x0000000750400000, 0x0000000750500000|  0%| F|  |TAMS 0x0000000750400000, 0x0000000750400000| Untracked 
| 121|0x0000000750500000, 0x0000000750500000, 0x0000000750600000|  0%| F|  |TAMS 0x0000000750500000, 0x0000000750500000| Untracked 
| 122|0x0000000750600000, 0x0000000750600000, 0x0000000750700000|  0%| F|  |TAMS 0x0000000750600000, 0x0000000750600000| Untracked 
| 123|0x0000000750700000, 0x0000000750700000, 0x0000000750800000|  0%| F|  |TAMS 0x0000000750700000, 0x0000000750700000| Untracked 
| 124|0x0000000750800000, 0x0000000750800000, 0x0000000750900000|  0%| F|  |TAMS 0x0000000750800000, 0x0000000750800000| Untracked 
| 125|0x0000000750900000, 0x0000000750900000, 0x0000000750a00000|  0%| F|  |TAMS 0x0000000750900000, 0x0000000750900000| Untracked 
| 126|0x0000000750a00000, 0x0000000750a00000, 0x0000000750b00000|  0%| F|  |TAMS 0x0000000750a00000, 0x0000000750a00000| Untracked 
| 127|0x0000000750b00000, 0x0000000750b00000, 0x0000000750c00000|  0%| F|  |TAMS 0x0000000750b00000, 0x0000000750b00000| Untracked 
| 128|0x0000000750c00000, 0x0000000750c00000, 0x0000000750d00000|  0%| F|  |TAMS 0x0000000750c00000, 0x0000000750c00000| Untracked 
| 129|0x0000000750d00000, 0x0000000750d00000, 0x0000000750e00000|  0%| F|  |TAMS 0x0000000750d00000, 0x0000000750d00000| Untracked 
| 130|0x0000000750e00000, 0x0000000750e00000, 0x0000000750f00000|  0%| F|  |TAMS 0x0000000750e00000, 0x0000000750e00000| Untracked 
| 131|0x0000000750f00000, 0x0000000750f00000, 0x0000000751000000|  0%| F|  |TAMS 0x0000000750f00000, 0x0000000750f00000| Untracked 
| 132|0x0000000751000000, 0x0000000751000000, 0x0000000751100000|  0%| F|  |TAMS 0x0000000751000000, 0x0000000751000000| Untracked 
| 133|0x0000000751100000, 0x0000000751100000, 0x0000000751200000|  0%| F|  |TAMS 0x0000000751100000, 0x0000000751100000| Untracked 
| 134|0x0000000751200000, 0x0000000751200000, 0x0000000751300000|  0%| F|  |TAMS 0x0000000751200000, 0x0000000751200000| Untracked 
| 135|0x0000000751300000, 0x0000000751300000, 0x0000000751400000|  0%| F|  |TAMS 0x0000000751300000, 0x0000000751300000| Untracked 
| 136|0x0000000751400000, 0x0000000751400000, 0x0000000751500000|  0%| F|  |TAMS 0x0000000751400000, 0x0000000751400000| Untracked 
| 137|0x0000000751500000, 0x0000000751500000, 0x0000000751600000|  0%| F|  |TAMS 0x0000000751500000, 0x0000000751500000| Untracked 
| 138|0x0000000751600000, 0x0000000751600000, 0x0000000751700000|  0%| F|  |TAMS 0x0000000751600000, 0x0000000751600000| Untracked 
| 139|0x0000000751700000, 0x0000000751700000, 0x0000000751800000|  0%| F|  |TAMS 0x0000000751700000, 0x0000000751700000| Untracked 
| 140|0x0000000751800000, 0x0000000751800000, 0x0000000751900000|  0%| F|  |TAMS 0x0000000751800000, 0x0000000751800000| Untracked 
| 141|0x0000000751900000, 0x0000000751900000, 0x0000000751a00000|  0%| F|  |TAMS 0x0000000751900000, 0x0000000751900000| Untracked 
| 142|0x0000000751a00000, 0x0000000751a00000, 0x0000000751b00000|  0%| F|  |TAMS 0x0000000751a00000, 0x0000000751a00000| Untracked 
| 143|0x0000000751b00000, 0x0000000751b00000, 0x0000000751c00000|  0%| F|  |TAMS 0x0000000751b00000, 0x0000000751b00000| Untracked 
| 144|0x0000000751c00000, 0x0000000751c00000, 0x0000000751d00000|  0%| F|  |TAMS 0x0000000751c00000, 0x0000000751c00000| Untracked 
| 145|0x0000000751d00000, 0x0000000751d00000, 0x0000000751e00000|  0%| F|  |TAMS 0x0000000751d00000, 0x0000000751d00000| Untracked 
| 146|0x0000000751e00000, 0x0000000751e00000, 0x0000000751f00000|  0%| F|  |TAMS 0x0000000751e00000, 0x0000000751e00000| Untracked 
| 147|0x0000000751f00000, 0x0000000751f00000, 0x0000000752000000|  0%| F|  |TAMS 0x0000000751f00000, 0x0000000751f00000| Untracked 
| 148|0x0000000752000000, 0x0000000752000000, 0x0000000752100000|  0%| F|  |TAMS 0x0000000752000000, 0x0000000752000000| Untracked 
| 149|0x0000000752100000, 0x0000000752100000, 0x0000000752200000|  0%| F|  |TAMS 0x0000000752100000, 0x0000000752100000| Untracked 
| 150|0x0000000752200000, 0x0000000752200000, 0x0000000752300000|  0%| F|  |TAMS 0x0000000752200000, 0x0000000752200000| Untracked 
| 151|0x0000000752300000, 0x0000000752300000, 0x0000000752400000|  0%| F|  |TAMS 0x0000000752300000, 0x0000000752300000| Untracked 
| 152|0x0000000752400000, 0x0000000752400000, 0x0000000752500000|  0%| F|  |TAMS 0x0000000752400000, 0x0000000752400000| Untracked 
| 153|0x0000000752500000, 0x0000000752500000, 0x0000000752600000|  0%| F|  |TAMS 0x0000000752500000, 0x0000000752500000| Untracked 
| 154|0x0000000752600000, 0x0000000752600000, 0x0000000752700000|  0%| F|  |TAMS 0x0000000752600000, 0x0000000752600000| Untracked 
| 155|0x0000000752700000, 0x0000000752700000, 0x0000000752800000|  0%| F|  |TAMS 0x0000000752700000, 0x0000000752700000| Untracked 
| 156|0x0000000752800000, 0x0000000752800000, 0x0000000752900000|  0%| F|  |TAMS 0x0000000752800000, 0x0000000752800000| Untracked 
| 157|0x0000000752900000, 0x0000000752900000, 0x0000000752a00000|  0%| F|  |TAMS 0x0000000752900000, 0x0000000752900000| Untracked 
| 158|0x0000000752a00000, 0x0000000752a00000, 0x0000000752b00000|  0%| F|  |TAMS 0x0000000752a00000, 0x0000000752a00000| Untracked 
| 159|0x0000000752b00000, 0x0000000752b00000, 0x0000000752c00000|  0%| F|  |TAMS 0x0000000752b00000, 0x0000000752b00000| Untracked 
| 160|0x0000000752c00000, 0x0000000752c00000, 0x0000000752d00000|  0%| F|  |TAMS 0x0000000752c00000, 0x0000000752c00000| Untracked 
| 161|0x0000000752d00000, 0x0000000752d00000, 0x0000000752e00000|  0%| F|  |TAMS 0x0000000752d00000, 0x0000000752d00000| Untracked 
| 162|0x0000000752e00000, 0x0000000752e00000, 0x0000000752f00000|  0%| F|  |TAMS 0x0000000752e00000, 0x0000000752e00000| Untracked 
| 163|0x0000000752f00000, 0x0000000752f00000, 0x0000000753000000|  0%| F|  |TAMS 0x0000000752f00000, 0x0000000752f00000| Untracked 
| 164|0x0000000753000000, 0x0000000753000000, 0x0000000753100000|  0%| F|  |TAMS 0x0000000753000000, 0x0000000753000000| Untracked 
| 165|0x0000000753100000, 0x0000000753100000, 0x0000000753200000|  0%| F|  |TAMS 0x0000000753100000, 0x0000000753100000| Untracked 
| 166|0x0000000753200000, 0x0000000753200000, 0x0000000753300000|  0%| F|  |TAMS 0x0000000753200000, 0x0000000753200000| Untracked 
| 167|0x0000000753300000, 0x0000000753300000, 0x0000000753400000|  0%| F|  |TAMS 0x0000000753300000, 0x0000000753300000| Untracked 
| 168|0x0000000753400000, 0x0000000753400000, 0x0000000753500000|  0%| F|  |TAMS 0x0000000753400000, 0x0000000753400000| Untracked 
| 169|0x0000000753500000, 0x0000000753500000, 0x0000000753600000|  0%| F|  |TAMS 0x0000000753500000, 0x0000000753500000| Untracked 
| 170|0x0000000753600000, 0x0000000753600000, 0x0000000753700000|  0%| F|  |TAMS 0x0000000753600000, 0x0000000753600000| Untracked 
| 171|0x0000000753700000, 0x0000000753700000, 0x0000000753800000|  0%| F|  |TAMS 0x0000000753700000, 0x0000000753700000| Untracked 
| 172|0x0000000753800000, 0x0000000753800000, 0x0000000753900000|  0%| F|  |TAMS 0x0000000753800000, 0x0000000753800000| Untracked 
| 173|0x0000000753900000, 0x0000000753a00000, 0x0000000753a00000|100%| S|CS|TAMS 0x0000000753900000, 0x0000000753900000| Complete 
| 174|0x0000000753a00000, 0x0000000753b00000, 0x0000000753b00000|100%| S|CS|TAMS 0x0000000753a00000, 0x0000000753a00000| Complete 
| 175|0x0000000753b00000, 0x0000000753b00000, 0x0000000753c00000|  0%| F|  |TAMS 0x0000000753b00000, 0x0000000753b00000| Untracked 
| 176|0x0000000753c00000, 0x0000000753c00000, 0x0000000753d00000|  0%| F|  |TAMS 0x0000000753c00000, 0x0000000753c00000| Untracked 
| 177|0x0000000753d00000, 0x0000000753d00000, 0x0000000753e00000|  0%| F|  |TAMS 0x0000000753d00000, 0x0000000753d00000| Untracked 
| 178|0x0000000753e00000, 0x0000000753e00000, 0x0000000753f00000|  0%| F|  |TAMS 0x0000000753e00000, 0x0000000753e00000| Untracked 
| 179|0x0000000753f00000, 0x0000000754000000, 0x0000000754000000|100%| E|  |TAMS 0x0000000753f00000, 0x0000000753f00000| Complete 
| 180|0x0000000754000000, 0x0000000754100000, 0x0000000754100000|100%| E|CS|TAMS 0x0000000754000000, 0x0000000754000000| Complete 
| 181|0x0000000754100000, 0x0000000754200000, 0x0000000754200000|100%| E|CS|TAMS 0x0000000754100000, 0x0000000754100000| Complete 
| 182|0x0000000754200000, 0x0000000754300000, 0x0000000754300000|100%| E|CS|TAMS 0x0000000754200000, 0x0000000754200000| Complete 
| 183|0x0000000754300000, 0x0000000754400000, 0x0000000754400000|100%| E|CS|TAMS 0x0000000754300000, 0x0000000754300000| Complete 

Card table byte_map: [0x00007facfba46000,0x00007facfc000000] _byte_map_base: 0x00007facf8000000

Marking Bits (Prev, Next): (CMBitMap*) 0x00007fad14063428, (CMBitMap*) 0x00007fad14063460
 Prev Bits: [0x00007facf86bc000, 0x00007facfb48c000)
 Next Bits: [0x00007facf58ec000, 0x00007facf86bc000)

Polling page: 0x00007fad1bbeb000

Metaspace:

Usage:
  Non-class:     11.59 MB capacity,    11.41 MB ( 98%) used,   169.98 KB (  1%) free+waste,    20.94 KB ( <1%) overhead. 
      Class:      1.36 MB capacity,     1.25 MB ( 92%) used,    98.12 KB (  7%) free+waste,     9.75 KB ( <1%) overhead. 
       Both:     12.95 MB capacity,    12.66 MB ( 98%) used,   268.11 KB (  2%) free+waste,    30.69 KB ( <1%) overhead. 

Virtual space:
  Non-class space:       12.00 MB reserved,      11.75 MB ( 98%) committed 
      Class space:        1.00 GB reserved,       1.38 MB ( <1%) committed 
             Both:        1.01 GB reserved,      13.12 MB (  1%) committed 

Chunk freelists:
   Non-Class:  46.00 KB
       Class:  0 bytes
        Both:  46.00 KB

CodeHeap 'non-profiled nmethods': size=120036Kb used=269Kb max_used=269Kb free=119766Kb
 bounds [0x00007fad085f7000, 0x00007fad08867000, 0x00007fad0fb30000]
CodeHeap 'profiled nmethods': size=120032Kb used=1760Kb max_used=1760Kb free=118271Kb
 bounds [0x00007fad010bf000, 0x00007fad0132f000, 0x00007fad085f7000]
CodeHeap 'non-nmethods': size=5692Kb used=1174Kb max_used=1186Kb free=4518Kb
 bounds [0x00007fad00b30000, 0x00007fad00da0000, 0x00007fad010bf000]
 total_blobs=1617 nmethods=930 adapters=429
 compilation: enabled
              stopped_count=0, restarted_count=0
 full_count=0

Compilation events (10 events):
Event: 3.628 Thread 0x00007fad14208800 nmethod 923 0x00007fad01275d10 code [0x00007fad01275ee0, 0x00007fad01276248]
Event: 3.628 Thread 0x00007fad14208800  925       3       java.lang.StringBuilder::append (8 bytes)
Event: 3.628 Thread 0x00007fad14208800 nmethod 925 0x00007fad01276390 code [0x00007fad01276540, 0x00007fad012766e8]
Event: 3.628 Thread 0x00007fad14208800  926       3       java.lang.AbstractStringBuilder::append (55 bytes)
Event: 3.628 Thread 0x00007fad14206800 nmethod 924 0x00007fad08639610 code [0x00007fad086397a0, 0x00007fad08639858]
Event: 3.628 Thread 0x00007fad14208800 nmethod 926 0x00007fad01276790 code [0x00007fad01276980, 0x00007fad01276d18]
Event: 3.644 Thread 0x00007fad14206800  930       4       sun.net.www.ParseUtil::firstEncodeIndex (86 bytes)
Event: 3.648 Thread 0x00007fad14206800 nmethod 930 0x00007fad08639f10 code [0x00007fad0863a0c0, 0x00007fad0863a2c8]
Event: 3.648 Thread 0x00007fad14208800  928       3       java.lang.invoke.MethodHandleNatives::refKindHasReceiver (33 bytes)
Event: 3.648 Thread 0x00007fad14208800 nmethod 928 0x00007fad01276e90 code [0x00007fad01277040, 0x00007fad012771f0]

GC Heap History (2 events):
Event: 2.644 GC heap before
{Heap before GC invocations=0 (full 0):
 garbage-first heap   total 188416K, used 9216K [0x0000000748c00000, 0x0000000800000000)
  region size 1024K, 9 young (9216K), 0 survivors (0K)
 Metaspace       used 11305K, capacity 11438K, committed 11648K, reserved 1060864K
  class space    used 1059K, capacity 1128K, committed 1152K, reserved 1048576K
}
Event: 2.680 GC heap after
{Heap after GC invocations=1 (full 0):
 garbage-first heap   total 188416K, used 2300K [0x0000000748c00000, 0x0000000800000000)
  region size 1024K, 2 young (2048K), 2 survivors (2048K)
 Metaspace       used 11305K, capacity 11438K, committed 11648K, reserved 1060864K
  class space    used 1059K, capacity 1128K, committed 1152K, reserved 1048576K
}

Deoptimization events (10 events):
Event: 2.790 Thread 0x00007fad14013800 DEOPT PACKING pc=0x00007fad08623580 sp=0x00007fad1bbd31f0
Event: 2.790 Thread 0x00007fad14013800 DEOPT UNPACKING pc=0x00007fad00b58925 sp=0x00007fad1bbd3138 mode 2
Event: 2.835 Thread 0x00007fad14013800 Uncommon trap: trap_request=0xffffff4d fr.pc=0x00007fad08624914 relative=0x0000000000000154
Event: 2.835 Thread 0x00007fad14013800 Uncommon trap: reason=unstable_if action=reinterpret pc=0x00007fad08624914 method=java.util.HashMap.getNode(ILjava/lang/Object;)Ljava/util/HashMap$Node; @ 129 c2
Event: 2.835 Thread 0x00007fad14013800 DEOPT PACKING pc=0x00007fad08624914 sp=0x00007fad1bbd0e30
Event: 2.835 Thread 0x00007fad14013800 DEOPT UNPACKING pc=0x00007fad00b58925 sp=0x00007fad1bbd0dc0 mode 2
Event: 3.281 Thread 0x00007fad14013800 Uncommon trap: trap_request=0xffffffde fr.pc=0x00007fad08623580 relative=0x0000000000000f40
Event: 3.281 Thread 0x00007fad14013800 Uncommon trap: reason=class_check action=maybe_recompile pc=0x00007fad08623580 method=java.util.HashMap.putVal(ILjava/lang/Object;Ljava/lang/Object;ZZ)Ljava/lang/Object; @ 91 c2
Event: 3.281 Thread 0x00007fad14013800 DEOPT PACKING pc=0x00007fad08623580 sp=0x00007fad1bbd32a0
Event: 3.281 Thread 0x00007fad14013800 DEOPT UNPACKING pc=0x00007fad00b58925 sp=0x00007fad1bbd31e8 mode 2

Classes redefined (0 events):
No events

Internal exceptions (4 events):
Event: 1.777 Thread 0x00007fad14013800 Exception <a 'java/lang/NoSuchMethodError'{0x0000000753e79730}: 'int java.lang.invoke.DirectMethodHandle$Holder.invokeSpecialIFC(java.lang.Object, java.lang.Object, int)'> (0x0000000753e79730) thrown at [/opt/buildAgent/work/5ff2f6c26000d570/src/hotspot/s
Event: 3.347 Thread 0x00007fad14013800 Exception <a 'java/lang/NoSuchMethodError'{0x0000000754075678}: 'int java.lang.invoke.DirectMethodHandle$Holder.invokeInterface(java.lang.Object, java.lang.Object, java.lang.Object, java.lang.Object)'> (0x0000000754075678) thrown at [/opt/buildAgent/work/
Event: 3.599 Thread 0x00007fad14013800 Exception <a 'java/lang/NoSuchMethodError'{0x0000000753f9b498}: 'int java.lang.invoke.DirectMethodHandle$Holder.invokeInterface(java.lang.Object, java.lang.Object, java.lang.Object, int)'> (0x0000000753f9b498) thrown at [/opt/buildAgent/work/5ff2f6c26000d
Event: 3.642 Thread 0x00007fad14013800 Exception <a 'java/lang/NoSuchMethodError'{0x0000000753fcc8b8}: 'void java.lang.invoke.DirectMethodHandle$Holder.invokeVirtual(java.lang.Object, java.lang.Object)'> (0x0000000753fcc8b8) thrown at [/opt/buildAgent/work/5ff2f6c26000d570/src/hotspot/share/in

Events (10 events):
Event: 3.665 loading class jnr/ffi/provider/jffi/PrimitiveArrayParameterStrategy
Event: 3.665 loading class jnr/ffi/provider/jffi/PrimitiveArrayParameterStrategy done
Event: 3.665 loading class com/kenai/jffi/ObjectParameterStrategy$StrategyType
Event: 3.665 loading class com/kenai/jffi/ObjectParameterStrategy$StrategyType done
Event: 3.665 loading class com/kenai/jffi/ObjectParameterType
Event: 3.665 loading class com/kenai/jffi/ObjectParameterType done
Event: 3.666 loading class com/kenai/jffi/ObjectParameterType$ObjectType
Event: 3.666 loading class com/kenai/jffi/ObjectParameterType$ObjectType done
Event: 3.666 loading class com/kenai/jffi/ObjectParameterType$TypeCache
Event: 3.666 loading class com/kenai/jffi/ObjectParameterType$TypeCache done


Dynamic libraries:
00400000-00401000 r-xp 00000000 08:01 659157                             /home/james/Downloads/idea-IU-192.6817.14/jbr/bin/java
00601000-00602000 r--p 00001000 08:01 659157                             /home/james/Downloads/idea-IU-192.6817.14/jbr/bin/java
00602000-00603000 rw-p 00002000 08:01 659157                             /home/james/Downloads/idea-IU-192.6817.14/jbr/bin/java
00932000-00953000 rw-p 00000000 00:00 0                                  [heap]
748c00000-754400000 rw-p 00000000 00:00 0 
754400000-800000000 ---p 00000000 00:00 0 
800000000-800160000 rw-p 00000000 00:00 0 
800160000-840000000 ---p 00000000 00:00 0 
7facbc000000-7facbc038000 rw-p 00000000 00:00 0 
7facbc038000-7facc0000000 ---p 00000000 00:00 0 
7facc0000000-7facc0021000 rw-p 00000000 00:00 0 
7facc0021000-7facc4000000 ---p 00000000 00:00 0 
7facc4000000-7facc44ae000 rw-p 00000000 00:00 0 
7facc44ae000-7facc8000000 ---p 00000000 00:00 0 
7facc8000000-7facc8021000 rw-p 00000000 00:00 0 
7facc8021000-7faccc000000 ---p 00000000 00:00 0 
7faccc000000-7faccc021000 rw-p 00000000 00:00 0 
7faccc021000-7facd0000000 ---p 00000000 00:00 0 
7facd0000000-7facd031b000 rw-p 00000000 00:00 0 
7facd031b000-7facd4000000 ---p 00000000 00:00 0 
7facd4000000-7facd4021000 rw-p 00000000 00:00 0 
7facd4021000-7facd8000000 ---p 00000000 00:00 0 
7facd8000000-7facd8021000 rw-p 00000000 00:00 0 
7facd8021000-7facdc000000 ---p 00000000 00:00 0 
7facdc000000-7facdc021000 rw-p 00000000 00:00 0 
7facdc021000-7face0000000 ---p 00000000 00:00 0 
7face0000000-7face0021000 rw-p 00000000 00:00 0 
7face0021000-7face4000000 ---p 00000000 00:00 0 
7face4000000-7face4021000 rw-p 00000000 00:00 0 
7face4021000-7face8000000 ---p 00000000 00:00 0 
7face8000000-7face8021000 rw-p 00000000 00:00 0 
7face8021000-7facec000000 ---p 00000000 00:00 0 
7facec0b8000-7facec0b9000 r-xp 00000000 08:01 416441                     /home/james/Downloads/idea-IU-192.6817.14/jbr/lib/libjaas.so
7facec0b9000-7facec2b8000 ---p 00001000 08:01 416441                     /home/james/Downloads/idea-IU-192.6817.14/jbr/lib/libjaas.so
7facec2b8000-7facec2b9000 r--p 00000000 08:01 416441                     /home/james/Downloads/idea-IU-192.6817.14/jbr/lib/libjaas.so
7facec2b9000-7facec2ba000 rw-p 00001000 08:01 416441                     /home/james/Downloads/idea-IU-192.6817.14/jbr/lib/libjaas.so
7facec2ba000-7facec2be000 ---p 00000000 00:00 0 
7facec2be000-7facec3bb000 rw-p 00000000 00:00 0 
7facec3bb000-7facec3bc000 ---p 00000000 00:00 0 
7facec3bc000-7facec67d000 rw-p 00000000 00:00 0 
7facec67d000-7facec6bd000 ---p 00000000 00:00 0 
7facec6bd000-7facec6e7000 r-xp 00000000 08:01 398134                     /lib/x86_64-linux-gnu/libfuse.so.2.9.7
7facec6e7000-7facec8e6000 ---p 0002a000 08:01 398134                     /lib/x86_64-linux-gnu/libfuse.so.2.9.7
7facec8e6000-7facec8f8000 r--p 00029000 08:01 398134                     /lib/x86_64-linux-gnu/libfuse.so.2.9.7
7facec8f8000-7facec8f9000 rw-p 0003b000 08:01 398134                     /lib/x86_64-linux-gnu/libfuse.so.2.9.7
7facec8f9000-7facec8ff000 r-xp 00000000 08:01 915851                     /tmp/.libFUSELink.so
7facec8ff000-7facecafe000 ---p 00006000 08:01 915851                     /tmp/.libFUSELink.so
7facecafe000-7facecaff000 r--p 00005000 08:01 915851                     /tmp/.libFUSELink.so
7facecaff000-7facecb00000 rw-p 00006000 08:01 915851                     /tmp/.libFUSELink.so
7facecb00000-7facecd00000 rw-p 00000000 00:00 0 
7facecd00000-7facecd12000 r-xp 00000000 08:01 915855                     /tmp/jffi7727064569092284973.so (deleted)
7facecd12000-7facecf11000 ---p 00012000 08:01 915855                     /tmp/jffi7727064569092284973.so (deleted)
7facecf11000-7facecf12000 rw-p 00011000 08:01 915855                     /tmp/jffi7727064569092284973.so (deleted)
7facecf12000-7facecf16000 ---p 00000000 00:00 0 
7facecf16000-7faced013000 rw-p 00000000 00:00 0 
7faced013000-7faced015000 r-xp 00000000 08:01 416430                     /home/james/Downloads/idea-IU-192.6817.14/jbr/lib/libextnet.so
7faced015000-7faced214000 ---p 00002000 08:01 416430                     /home/james/Downloads/idea-IU-192.6817.14/jbr/lib/libextnet.so
7faced214000-7faced215000 r--p 00001000 08:01 416430                     /home/james/Downloads/idea-IU-192.6817.14/jbr/lib/libextnet.so
7faced215000-7faced216000 rw-p 00002000 08:01 416430                     /home/james/Downloads/idea-IU-192.6817.14/jbr/lib/libextnet.so
7faced216000-7faced217000 ---p 00000000 00:00 0 
7faced217000-7faced318000 rw-p 00000000 00:00 0 
7faced318000-7faced31c000 ---p 00000000 00:00 0 
7faced31c000-7faced419000 rw-p 00000000 00:00 0 
7faced419000-7faced430000 r-xp 00000000 08:01 416460                     /home/james/Downloads/idea-IU-192.6817.14/jbr/lib/libnet.so
7faced430000-7faced62f000 ---p 00017000 08:01 416460                     /home/james/Downloads/idea-IU-192.6817.14/jbr/lib/libnet.so
7faced62f000-7faced630000 r--p 00016000 08:01 416460                     /home/james/Downloads/idea-IU-192.6817.14/jbr/lib/libnet.so
7faced630000-7faced631000 rw-p 00017000 08:01 416460                     /home/james/Downloads/idea-IU-192.6817.14/jbr/lib/libnet.so
7faced631000-7facee000000 r--p 00000000 08:01 137670                     /usr/lib/locale/locale-archive
7facee000000-7facf0000000 rw-p 00000000 00:00 0 
7facf0000000-7facf0021000 rw-p 00000000 00:00 0 
7facf0021000-7facf4000000 ---p 00000000 00:00 0 
7facf40c9000-7facf40cd000 ---p 00000000 00:00 0 
7facf40cd000-7facf41ca000 rw-p 00000000 00:00 0 
7facf41ca000-7facf41da000 r-xp 00000000 08:01 416461                     /home/james/Downloads/idea-IU-192.6817.14/jbr/lib/libnio.so
7facf41da000-7facf43d9000 ---p 00010000 08:01 416461                     /home/james/Downloads/idea-IU-192.6817.14/jbr/lib/libnio.so
7facf43d9000-7facf43da000 r--p 0000f000 08:01 416461                     /home/james/Downloads/idea-IU-192.6817.14/jbr/lib/libnio.so
7facf43da000-7facf43db000 rw-p 00010000 08:01 416461                     /home/james/Downloads/idea-IU-192.6817.14/jbr/lib/libnio.so
7facf43db000-7facf43df000 ---p 00000000 00:00 0 
7facf43df000-7facf44dc000 rw-p 00000000 00:00 0 
7facf44dc000-7facf44e0000 ---p 00000000 00:00 0 
7facf44e0000-7facf45dd000 rw-p 00000000 00:00 0 
7facf45dd000-7facf45e1000 ---p 00000000 00:00 0 
7facf45e1000-7facf46de000 rw-p 00000000 00:00 0 
7facf46de000-7facf46e2000 ---p 00000000 00:00 0 
7facf46e2000-7facf47df000 rw-p 00000000 00:00 0 
7facf47df000-7facf47e3000 ---p 00000000 00:00 0 
7facf47e3000-7facf48e0000 rw-p 00000000 00:00 0 
7facf48e0000-7facf48e4000 ---p 00000000 00:00 0 
7facf48e4000-7facf49e1000 rw-p 00000000 00:00 0 
7facf49e1000-7facf49e5000 ---p 00000000 00:00 0 
7facf49e5000-7facf4ae2000 rw-p 00000000 00:00 0 
7facf4ae2000-7facf4ae3000 ---p 00000000 00:00 0 
7facf4ae3000-7facf53e4000 rw-p 00000000 00:00 0 
7facf53e4000-7facf53e5000 ---p 00000000 00:00 0 
7facf53e5000-7facf54e6000 rw-p 00000000 00:00 0 
7facf54e6000-7facf54e7000 ---p 00000000 00:00 0 
7facf54e7000-7facf57ea000 rw-p 00000000 00:00 0 
7facf57ea000-7facf57eb000 ---p 00000000 00:00 0 
7facf57eb000-7facf5bcc000 rw-p 00000000 00:00 0 
7facf5bcc000-7facf86bc000 ---p 00000000 00:00 0 
7facf86bc000-7facf899c000 rw-p 00000000 00:00 0 
7facf899c000-7facfb48c000 ---p 00000000 00:00 0 
7facfb48c000-7facfb4e8000 rw-p 00000000 00:00 0 
7facfb4e8000-7facfba46000 ---p 00000000 00:00 0 
7facfba46000-7facfbaa2000 rw-p 00000000 00:00 0 
7facfbaa2000-7facfc000000 ---p 00000000 00:00 0 
7facfc000000-7facfc021000 rw-p 00000000 00:00 0 
7facfc021000-7fad00000000 ---p 00000000 00:00 0 
7fad00085000-7fad00086000 ---p 00000000 00:00 0 
7fad00086000-7fad001e3000 rw-p 00000000 00:00 0 
7fad001e3000-7fad00741000 ---p 00000000 00:00 0 
7fad00741000-7fad00943000 rw-p 00000000 00:00 0 
7fad00943000-7fad00944000 ---p 00000000 00:00 0 
7fad00944000-7fad00a4a000 rw-p 00000000 00:00 0 
7fad00a4a000-7fad00b30000 ---p 00000000 00:00 0 
7fad00b30000-7fad00da0000 rwxp 00000000 00:00 0 
7fad00da0000-7fad010bf000 ---p 00000000 00:00 0 
7fad010bf000-7fad0132f000 rwxp 00000000 00:00 0 
7fad0132f000-7fad085f7000 ---p 00000000 00:00 0 
7fad085f7000-7fad08867000 rwxp 00000000 00:00 0 
7fad08867000-7fad0fb30000 ---p 00000000 00:00 0 
7fad0fb30000-7fad139df000 r--s 00000000 08:01 416473                     /home/james/Downloads/idea-IU-192.6817.14/jbr/lib/modules
7fad139df000-7fad139e4000 r-xp 00000000 08:01 416452                     /home/james/Downloads/idea-IU-192.6817.14/jbr/lib/libjimage.so
7fad139e4000-7fad13be4000 ---p 00005000 08:01 416452                     /home/james/Downloads/idea-IU-192.6817.14/jbr/lib/libjimage.so
7fad13be4000-7fad13be5000 r--p 00005000 08:01 416452                     /home/james/Downloads/idea-IU-192.6817.14/jbr/lib/libjimage.so
7fad13be5000-7fad13be6000 rw-p 00006000 08:01 416452                     /home/james/Downloads/idea-IU-192.6817.14/jbr/lib/libjimage.so
7fad13be6000-7fad13bed000 r-xp 00000000 08:01 416472                     /home/james/Downloads/idea-IU-192.6817.14/jbr/lib/libzip.so
7fad13bed000-7fad13dec000 ---p 00007000 08:01 416472                     /home/james/Downloads/idea-IU-192.6817.14/jbr/lib/libzip.so
7fad13dec000-7fad13ded000 r--p 00006000 08:01 416472                     /home/james/Downloads/idea-IU-192.6817.14/jbr/lib/libzip.so
7fad13ded000-7fad13dee000 rw-p 00007000 08:01 416472                     /home/james/Downloads/idea-IU-192.6817.14/jbr/lib/libzip.so
7fad13dee000-7fad13df9000 r-xp 00000000 08:01 398188                     /lib/x86_64-linux-gnu/libnss_files-2.27.so
7fad13df9000-7fad13ff8000 ---p 0000b000 08:01 398188                     /lib/x86_64-linux-gnu/libnss_files-2.27.so
7fad13ff8000-7fad13ff9000 r--p 0000a000 08:01 398188                     /lib/x86_64-linux-gnu/libnss_files-2.27.so
7fad13ff9000-7fad13ffa000 rw-p 0000b000 08:01 398188                     /lib/x86_64-linux-gnu/libnss_files-2.27.so
7fad13ffa000-7fad14000000 rw-p 00000000 00:00 0 
7fad14000000-7fad14585000 rw-p 00000000 00:00 0 
7fad14585000-7fad18000000 ---p 00000000 00:00 0 
7fad18053000-7fad180d9000 rw-p 00000000 00:00 0 
7fad180d9000-7fad181bf000 ---p 00000000 00:00 0 
7fad181bf000-7fad181d6000 r-xp 00000000 08:01 398182                     /lib/x86_64-linux-gnu/libnsl-2.27.so
7fad181d6000-7fad183d5000 ---p 00017000 08:01 398182                     /lib/x86_64-linux-gnu/libnsl-2.27.so
7fad183d5000-7fad183d6000 r--p 00016000 08:01 398182                     /lib/x86_64-linux-gnu/libnsl-2.27.so
7fad183d6000-7fad183d7000 rw-p 00017000 08:01 398182                     /lib/x86_64-linux-gnu/libnsl-2.27.so
7fad183d7000-7fad183d9000 rw-p 00000000 00:00 0 
7fad183d9000-7fad183e4000 r-xp 00000000 08:01 398199                     /lib/x86_64-linux-gnu/libnss_nis-2.27.so
7fad183e4000-7fad185e3000 ---p 0000b000 08:01 398199                     /lib/x86_64-linux-gnu/libnss_nis-2.27.so
7fad185e3000-7fad185e4000 r--p 0000a000 08:01 398199                     /lib/x86_64-linux-gnu/libnss_nis-2.27.so
7fad185e4000-7fad185e5000 rw-p 0000b000 08:01 398199                     /lib/x86_64-linux-gnu/libnss_nis-2.27.so
7fad185e5000-7fad185ed000 r-xp 00000000 08:01 398184                     /lib/x86_64-linux-gnu/libnss_compat-2.27.so
7fad185ed000-7fad187ed000 ---p 00008000 08:01 398184                     /lib/x86_64-linux-gnu/libnss_compat-2.27.so
7fad187ed000-7fad187ee000 r--p 00008000 08:01 398184                     /lib/x86_64-linux-gnu/libnss_compat-2.27.so
7fad187ee000-7fad187ef000 rw-p 00009000 08:01 398184                     /lib/x86_64-linux-gnu/libnss_compat-2.27.so
7fad187ef000-7fad187f9000 r-xp 00000000 08:01 416437                     /home/james/Downloads/idea-IU-192.6817.14/jbr/lib/libinstrument.so
7fad187f9000-7fad189f8000 ---p 0000a000 08:01 416437                     /home/james/Downloads/idea-IU-192.6817.14/jbr/lib/libinstrument.so
7fad189f8000-7fad189f9000 r--p 00009000 08:01 416437                     /home/james/Downloads/idea-IU-192.6817.14/jbr/lib/libinstrument.so
7fad189f9000-7fad189fa000 rw-p 0000a000 08:01 416437                     /home/james/Downloads/idea-IU-192.6817.14/jbr/lib/libinstrument.so
7fad189fa000-7fad18a23000 r-xp 00000000 08:01 416442                     /home/james/Downloads/idea-IU-192.6817.14/jbr/lib/libjava.so
7fad18a23000-7fad18c22000 ---p 00029000 08:01 416442                     /home/james/Downloads/idea-IU-192.6817.14/jbr/lib/libjava.so
7fad18c22000-7fad18c23000 r--p 00028000 08:01 416442                     /home/james/Downloads/idea-IU-192.6817.14/jbr/lib/libjava.so
7fad18c23000-7fad18c25000 rw-p 00029000 08:01 416442                     /home/james/Downloads/idea-IU-192.6817.14/jbr/lib/libjava.so
7fad18c25000-7fad18c32000 r-xp 00000000 08:01 416471                     /home/james/Downloads/idea-IU-192.6817.14/jbr/lib/libverify.so
7fad18c32000-7fad18e31000 ---p 0000d000 08:01 416471                     /home/james/Downloads/idea-IU-192.6817.14/jbr/lib/libverify.so
7fad18e31000-7fad18e33000 r--p 0000c000 08:01 416471                     /home/james/Downloads/idea-IU-192.6817.14/jbr/lib/libverify.so
7fad18e33000-7fad18e34000 rw-p 0000e000 08:01 416471                     /home/james/Downloads/idea-IU-192.6817.14/jbr/lib/libverify.so
7fad18e34000-7fad18e3b000 r-xp 00000000 08:01 398239                     /lib/x86_64-linux-gnu/librt-2.27.so
7fad18e3b000-7fad1903a000 ---p 00007000 08:01 398239                     /lib/x86_64-linux-gnu/librt-2.27.so
7fad1903a000-7fad1903b000 r--p 00006000 08:01 398239                     /lib/x86_64-linux-gnu/librt-2.27.so
7fad1903b000-7fad1903c000 rw-p 00007000 08:01 398239                     /lib/x86_64-linux-gnu/librt-2.27.so
7fad1903c000-7fad19053000 r-xp 00000000 08:01 408263                     /lib/x86_64-linux-gnu/libgcc_s.so.1
7fad19053000-7fad19252000 ---p 00017000 08:01 408263                     /lib/x86_64-linux-gnu/libgcc_s.so.1
7fad19252000-7fad19253000 r--p 00016000 08:01 408263                     /lib/x86_64-linux-gnu/libgcc_s.so.1
7fad19253000-7fad19254000 rw-p 00017000 08:01 408263                     /lib/x86_64-linux-gnu/libgcc_s.so.1
7fad19254000-7fad193f1000 r-xp 00000000 08:01 398161                     /lib/x86_64-linux-gnu/libm-2.27.so
7fad193f1000-7fad195f0000 ---p 0019d000 08:01 398161                     /lib/x86_64-linux-gnu/libm-2.27.so
7fad195f0000-7fad195f1000 r--p 0019c000 08:01 398161                     /lib/x86_64-linux-gnu/libm-2.27.so
7fad195f1000-7fad195f2000 rw-p 0019d000 08:01 398161                     /lib/x86_64-linux-gnu/libm-2.27.so
7fad195f2000-7fad1976b000 r-xp 00000000 08:01 130948                     /usr/lib/x86_64-linux-gnu/libstdc++.so.6.0.25
7fad1976b000-7fad1996b000 ---p 00179000 08:01 130948                     /usr/lib/x86_64-linux-gnu/libstdc++.so.6.0.25
7fad1996b000-7fad19975000 r--p 00179000 08:01 130948                     /usr/lib/x86_64-linux-gnu/libstdc++.so.6.0.25
7fad19975000-7fad19977000 rw-p 00183000 08:01 130948                     /usr/lib/x86_64-linux-gnu/libstdc++.so.6.0.25
7fad19977000-7fad1997b000 rw-p 00000000 00:00 0 
7fad1997b000-7fad1aa24000 r-xp 00000000 08:01 526926                     /home/james/Downloads/idea-IU-192.6817.14/jbr/lib/server/libjvm.so
7fad1aa24000-7fad1ac24000 ---p 010a9000 08:01 526926                     /home/james/Downloads/idea-IU-192.6817.14/jbr/lib/server/libjvm.so
7fad1ac24000-7fad1acf2000 r--p 010a9000 08:01 526926                     /home/james/Downloads/idea-IU-192.6817.14/jbr/lib/server/libjvm.so
7fad1acf2000-7fad1ad2c000 rw-p 01177000 08:01 526926                     /home/james/Downloads/idea-IU-192.6817.14/jbr/lib/server/libjvm.so
7fad1ad2c000-7fad1ad85000 rw-p 00000000 00:00 0 
7fad1ad85000-7fad1af6c000 r-xp 00000000 08:01 398098                     /lib/x86_64-linux-gnu/libc-2.27.so
7fad1af6c000-7fad1b16c000 ---p 001e7000 08:01 398098                     /lib/x86_64-linux-gnu/libc-2.27.so
7fad1b16c000-7fad1b170000 r--p 001e7000 08:01 398098                     /lib/x86_64-linux-gnu/libc-2.27.so
7fad1b170000-7fad1b172000 rw-p 001eb000 08:01 398098                     /lib/x86_64-linux-gnu/libc-2.27.so
7fad1b172000-7fad1b176000 rw-p 00000000 00:00 0 
7fad1b176000-7fad1b179000 r-xp 00000000 08:01 398121                     /lib/x86_64-linux-gnu/libdl-2.27.so
7fad1b179000-7fad1b378000 ---p 00003000 08:01 398121                     /lib/x86_64-linux-gnu/libdl-2.27.so
7fad1b378000-7fad1b379000 r--p 00002000 08:01 398121                     /lib/x86_64-linux-gnu/libdl-2.27.so
7fad1b379000-7fad1b37a000 rw-p 00003000 08:01 398121                     /lib/x86_64-linux-gnu/libdl-2.27.so
7fad1b37a000-7fad1b389000 r-xp 00000000 08:01 526917                     /home/james/Downloads/idea-IU-192.6817.14/jbr/lib/jli/libjli.so
7fad1b389000-7fad1b588000 ---p 0000f000 08:01 526917                     /home/james/Downloads/idea-IU-192.6817.14/jbr/lib/jli/libjli.so
7fad1b588000-7fad1b589000 r--p 0000e000 08:01 526917                     /home/james/Downloads/idea-IU-192.6817.14/jbr/lib/jli/libjli.so
7fad1b589000-7fad1b58a000 rw-p 0000f000 08:01 526917                     /home/james/Downloads/idea-IU-192.6817.14/jbr/lib/jli/libjli.so
7fad1b58a000-7fad1b5a4000 r-xp 00000000 08:01 398231                     /lib/x86_64-linux-gnu/libpthread-2.27.so
7fad1b5a4000-7fad1b7a3000 ---p 0001a000 08:01 398231                     /lib/x86_64-linux-gnu/libpthread-2.27.so
7fad1b7a3000-7fad1b7a4000 r--p 00019000 08:01 398231                     /lib/x86_64-linux-gnu/libpthread-2.27.so
7fad1b7a4000-7fad1b7a5000 rw-p 0001a000 08:01 398231                     /lib/x86_64-linux-gnu/libpthread-2.27.so
7fad1b7a5000-7fad1b7a9000 rw-p 00000000 00:00 0 
7fad1b7a9000-7fad1b7c5000 r-xp 00000000 08:01 398270                     /lib/x86_64-linux-gnu/libz.so.1.2.11
7fad1b7c5000-7fad1b9c4000 ---p 0001c000 08:01 398270                     /lib/x86_64-linux-gnu/libz.so.1.2.11
7fad1b9c4000-7fad1b9c5000 r--p 0001b000 08:01 398270                     /lib/x86_64-linux-gnu/libz.so.1.2.11
7fad1b9c5000-7fad1b9c6000 rw-p 0001c000 08:01 398270                     /lib/x86_64-linux-gnu/libz.so.1.2.11
7fad1b9c6000-7fad1b9ed000 r-xp 00000000 08:01 398070                     /lib/x86_64-linux-gnu/ld-2.27.so
7fad1b9f0000-7fad1b9f2000 rw-p 00000000 00:00 0 
7fad1b9f2000-7fad1ba0b000 r-xp 00000000 00:00 0 
7fad1ba0b000-7fad1bacd000 rw-p 00000000 00:00 0 
7fad1bacd000-7fad1bad4000 ---p 00000000 00:00 0 
7fad1bad4000-7fad1bad8000 ---p 00000000 00:00 0 
7fad1bad8000-7fad1bbd9000 rw-p 00000000 00:00 0 
7fad1bbd9000-7fad1bbda000 r-xp 00000000 00:00 0 
7fad1bbda000-7fad1bbdc000 r-xp 00000000 00:00 0 
7fad1bbdc000-7fad1bbe3000 r--s 00000000 08:01 267279                     /usr/lib/x86_64-linux-gnu/gconv/gconv-modules.cache
7fad1bbe3000-7fad1bbeb000 rw-s 00000000 08:01 1578820                    /tmp/hsperfdata_james/6621
7fad1bbeb000-7fad1bbec000 ---p 00000000 00:00 0 
7fad1bbec000-7fad1bbed000 r--p 00000000 00:00 0 
7fad1bbed000-7fad1bbee000 r--p 00027000 08:01 398070                     /lib/x86_64-linux-gnu/ld-2.27.so
7fad1bbee000-7fad1bbef000 rw-p 00028000 08:01 398070                     /lib/x86_64-linux-gnu/ld-2.27.so
7fad1bbef000-7fad1bbf0000 rw-p 00000000 00:00 0 
7fffd966a000-7fffd968c000 rw-p 00000000 00:00 0                          [stack]
7fffd97ed000-7fffd97f0000 r--p 00000000 00:00 0                          [vvar]
7fffd97f0000-7fffd97f1000 r-xp 00000000 00:00 0                          [vdso]
ffffffffff600000-ffffffffff601000 r-xp 00000000 00:00 0                  [vsyscall]


VM Arguments:
jvm_args: -javaagent:/home/james/Downloads/idea-IU-192.6817.14/lib/idea_rt.jar=39935:/home/james/Downloads/idea-IU-192.6817.14/bin -Dfile.encoding=UTF-8 
java_command: MemoryFS
java_class_path (initial): /home/james/MemoryFS/target/classes:/home/james/.m2/repository/com/github/lukethompsxn/edufuse/1.0.3/edufuse-1.0.3.jar:/home/james/.m2/repository/com/github/jnr/jnr-ffi/2.1.7/jnr-ffi-2.1.7.jar:/home/james/.m2/repository/com/github/jnr/jffi/1.2.16/jffi-1.2.16.jar:/home/james/.m2/repository/com/github/jnr/jffi/1.2.16/jffi-1.2.16-native.jar:/home/james/.m2/repository/org/ow2/asm/asm/5.0.3/asm-5.0.3.jar:/home/james/.m2/repository/org/ow2/asm/asm-commons/5.0.3/asm-commons-5.0.3.jar:/home/james/.m2/repository/org/ow2/asm/asm-analysis/5.0.3/asm-analysis-5.0.3.jar:/home/james/.m2/repository/org/ow2/asm/asm-tree/5.0.3/asm-tree-5.0.3.jar:/home/james/.m2/repository/org/ow2/asm/asm-util/5.0.3/asm-util-5.0.3.jar:/home/james/.m2/repository/com/github/jnr/jnr-x86asm/1.0.2/jnr-x86asm-1.0.2.jar:/home/james/.m2/repository/com/github/jnr/jnr-posix/3.0.44/jnr-posix-3.0.44.jar:/home/james/.m2/repository/com/github/jnr/jnr-constants/0.9.9/jnr-constants-0.9.9.jar:/home/james/.m2/repository/com/googlecode/json-simple/json-simple/1.1.1/json-simple-1.1.1.jar:/home/james/.m2/repository/junit/junit/4.10/junit-4.10.jar:/home/james/.m2/repository/org/hamcrest/hamcrest-core/1.1/hamcrest-core-1.1.jar
Launcher Type: SUN_STANDARD

[Global flags]
     intx CICompilerCount                          = 2                                         {product} {ergonomic}
     uint ConcGCThreads                            = 1                                         {product} {ergonomic}
     uint G1ConcRefinementThreads                  = 2                                         {product} {ergonomic}
   size_t G1HeapRegionSize                         = 1048576                                   {product} {ergonomic}
    uintx GCDrainStackTargetSize                   = 64                                        {product} {ergonomic}
   size_t InitialHeapSize                          = 192937984                                 {product} {ergonomic}
   size_t MarkStackSize                            = 4194304                                   {product} {ergonomic}
   size_t MaxHeapSize                              = 3074424832                                {product} {ergonomic}
   size_t MaxNewSize                               = 1844445184                                {product} {ergonomic}
   size_t MinHeapDeltaBytes                        = 1048576                                   {product} {ergonomic}
    uintx NonNMethodCodeHeapSize                   = 5824844                                {pd product} {ergonomic}
    uintx NonProfiledCodeHeapSize                  = 122916698                              {pd product} {ergonomic}
    uintx ProfiledCodeHeapSize                     = 122916698                              {pd product} {ergonomic}
    uintx ReservedCodeCacheSize                    = 251658240                              {pd product} {ergonomic}
     bool SegmentedCodeCache                       = true                                      {product} {ergonomic}
     bool UseCompressedClassPointers               = true                                 {lp64_product} {ergonomic}
     bool UseCompressedOops                        = true                                 {lp64_product} {ergonomic}
     bool UseG1GC                                  = true                                      {product} {ergonomic}

Logging:
Log output configuration:
 #0: stdout all=warning uptime,level,tags
 #1: stderr all=off uptime,level,tags

Environment Variables:
PATH=/usr/local/sbin:/usr/local/bin:/usr/sbin:/usr/bin:/sbin:/bin:/usr/games:/usr/local/games:/snap/bin
USERNAME=james
SHELL=/bin/bash
DISPLAY=:0

Signal Handlers:
SIGSEGV: [libjvm.so+0xd98670], sa_mask[0]=11111111011111111101111111111110, sa_flags=SA_RESTART|SA_SIGINFO
SIGBUS: [libjvm.so+0xd98670], sa_mask[0]=11111111011111111101111111111110, sa_flags=SA_RESTART|SA_SIGINFO
SIGFPE: [libjvm.so+0xd98670], sa_mask[0]=11111111011111111101111111111110, sa_flags=SA_RESTART|SA_SIGINFO
SIGPIPE: [libjvm.so+0xb99c10], sa_mask[0]=11111111011111111101111111111110, sa_flags=SA_RESTART|SA_SIGINFO
SIGXFSZ: [libjvm.so+0xb99c10], sa_mask[0]=11111111011111111101111111111110, sa_flags=SA_RESTART|SA_SIGINFO
SIGILL: [libjvm.so+0xd98670], sa_mask[0]=11111111011111111101111111111110, sa_flags=SA_RESTART|SA_SIGINFO
SIGUSR2: [libjvm.so+0xb99ab0], sa_mask[0]=00100000000000000000000000000000, sa_flags=SA_RESTART|SA_SIGINFO
SIGHUP: [libjvm.so+0xb99c60], sa_mask[0]=11111111011111111101111111111110, sa_flags=SA_RESTART|SA_SIGINFO
SIGINT: [libjvm.so+0xb99c60], sa_mask[0]=11111111011111111101111111111110, sa_flags=SA_RESTART|SA_SIGINFO
SIGTERM: [libjvm.so+0xb99c60], sa_mask[0]=11111111011111111101111111111110, sa_flags=SA_RESTART|SA_SIGINFO
SIGQUIT: [libjvm.so+0xb99c60], sa_mask[0]=11111111011111111101111111111110, sa_flags=SA_RESTART|SA_SIGINFO


---------------  S Y S T E M  ---------------

OS:DISTRIB_ID=Ubuntu
DISTRIB_RELEASE=18.04
DISTRIB_CODENAME=bionic
DISTRIB_DESCRIPTION="Ubuntu 18.04.3 LTS"
uname:Linux 5.0.0-29-generic #31~18.04.1-Ubuntu SMP Thu Sep 12 18:29:21 UTC 2019 x86_64
libc:glibc 2.27 NPTL 2.27 
rlimit: STACK 8192k, CORE 0k, NPROC 46703, NOFILE 4096, AS infinity, DATA infinity, FSIZE infinity
load average:4.51 2.08 1.38

/proc/meminfo:
MemTotal:       12003876 kB
MemFree:         4683580 kB
MemAvailable:    8877724 kB
Buffers:          172984 kB
Cached:          4149560 kB
SwapCached:            0 kB
Active:          4475436 kB
Inactive:        2433612 kB
Active(anon):    2587920 kB
Inactive(anon):    45000 kB
Active(file):    1887516 kB
Inactive(file):  2388612 kB
Unevictable:          32 kB
Mlocked:              32 kB
SwapTotal:       1987420 kB
SwapFree:        1987420 kB
Dirty:             55628 kB
Writeback:             0 kB
AnonPages:       2586604 kB
Mapped:           457536 kB
Shmem:             46420 kB
KReclaimable:     236852 kB
Slab:             277384 kB
SReclaimable:     236852 kB
SUnreclaim:        40532 kB
KernelStack:       12176 kB
PageTables:        44048 kB
NFS_Unstable:          0 kB
Bounce:                0 kB
WritebackTmp:          0 kB
CommitLimit:     7989356 kB
Committed_AS:    6220440 kB
VmallocTotal:   34359738367 kB
VmallocUsed:           0 kB
VmallocChunk:          0 kB
Percpu:              632 kB
HardwareCorrupted:     0 kB
AnonHugePages:         0 kB
ShmemHugePages:        0 kB
ShmemPmdMapped:        0 kB
CmaTotal:              0 kB
CmaFree:               0 kB
HugePages_Total:       0
HugePages_Free:        0
HugePages_Rsvd:        0
HugePages_Surp:        0
Hugepagesize:       2048 kB
Hugetlb:               0 kB
DirectMap4k:      159680 kB
DirectMap2M:    12128256 kB


/proc/sys/kernel/threads-max (system-wide limit on the number of threads):
93406


/proc/sys/vm/max_map_count (maximum number of memory map areas a process may have):
65530


/proc/sys/kernel/pid_max (system-wide limit on number of process identifiers):
32768



container (cgroup) information:
container_type: cgroupv1
cpu_cpuset_cpus: 0-1
cpu_memory_nodes: 0
active_processor_count: 2
cpu_quota: -1
cpu_period: 100000
cpu_shares: -1
memory_limit_in_bytes: -1
memory_and_swap_limit_in_bytes: -2
memory_soft_limit_in_bytes: -1
memory_usage_in_bytes: 7075110912
memory_max_usage_in_bytes: 0

Steal ticks since vm start: 0
Steal ticks percentage since vm start:  0.000

CPU:total 2 (initial active 2) (2 cores per cpu, 1 threads per core) family 6 model 94 stepping 3, cmov, cx8, fxsr, mmx, sse, sse2, sse3, ssse3, sse4.1, sse4.2, popcnt, avx, avx2, aes, clmul, 3dnowpref, lzcnt, tsc, tscinvbit
CPU Model and flags from /proc/cpuinfo:
model name	: Intel(R) Core(TM) i7-6700HQ CPU @ 2.60GHz
flags		: fpu vme de pse tsc msr pae mce cx8 apic sep mtrr pge mca cmov pat pse36 clflush mmx fxsr sse sse2 ht syscall nx rdtscp lm constant_tsc rep_good nopl xtopology nonstop_tsc cpuid tsc_known_freq pni pclmulqdq ssse3 cx16 pcid sse4_1 sse4_2 x2apic movbe popcnt aes xsave avx rdrand hypervisor lahf_lm abm 3dnowprefetch invpcid_single pti fsgsbase avx2 invpcid rdseed clflushopt flush_l1d

Memory: 4k page, physical 12003876k(4683580k free), swap 1987420k(1987420k free)

vm_info: OpenJDK 64-Bit Server VM (11.0.4+10-b304.69) for linux-amd64 JRE (11.0.4+10-b304.69), built on Sep  9 2019 08:56:06 by "" with gcc 4.8.5 20150623 (Red Hat 4.8.5-36)

END.
